{"/Users/huangjiakang/Desktop/CPSC310/project_team051/src/controller/IInsightFacade.ts":{"path":"/Users/huangjiakang/Desktop/CPSC310/project_team051/src/controller/IInsightFacade.ts","statementMap":{"0":{"start":{"line":2,"column":0},"end":{"line":2,"column":62}},"1":{"start":{"line":3,"column":0},"end":{"line":3,"column":113}},"2":{"start":{"line":5,"column":0},"end":{"line":8,"column":89}},"3":{"start":{"line":6,"column":4},"end":{"line":6,"column":48}},"4":{"start":{"line":7,"column":4},"end":{"line":7,"column":42}},"5":{"start":{"line":11,"column":8},"end":{"line":11,"column":23}},"6":{"start":{"line":12,"column":8},"end":{"line":12,"column":52}},"7":{"start":{"line":15,"column":0},"end":{"line":15,"column":36}},"8":{"start":{"line":18,"column":8},"end":{"line":18,"column":23}},"9":{"start":{"line":19,"column":8},"end":{"line":19,"column":53}},"10":{"start":{"line":22,"column":0},"end":{"line":22,"column":38}},"11":{"start":{"line":25,"column":8},"end":{"line":25,"column":23}},"12":{"start":{"line":26,"column":8},"end":{"line":26,"column":59}},"13":{"start":{"line":29,"column":0},"end":{"line":29,"column":50}}},"fnMap":{"0":{"name":"(anonymous_0)","decl":{"start":{"line":5,"column":1},"end":{"line":5,"column":2}},"loc":{"start":{"line":5,"column":31},"end":{"line":8,"column":1}},"line":5},"1":{"name":"(anonymous_1)","decl":{"start":{"line":10,"column":4},"end":{"line":10,"column":5}},"loc":{"start":{"line":10,"column":25},"end":{"line":13,"column":5}},"line":10},"2":{"name":"(anonymous_2)","decl":{"start":{"line":17,"column":4},"end":{"line":17,"column":5}},"loc":{"start":{"line":17,"column":25},"end":{"line":20,"column":5}},"line":17},"3":{"name":"(anonymous_3)","decl":{"start":{"line":24,"column":4},"end":{"line":24,"column":5}},"loc":{"start":{"line":24,"column":25},"end":{"line":27,"column":5}},"line":24}},"branchMap":{"0":{"loc":{"start":{"line":8,"column":24},"end":{"line":8,"column":87}},"type":"binary-expr","locations":[{"start":{"line":8,"column":24},"end":{"line":8,"column":50}},{"start":{"line":8,"column":55},"end":{"line":8,"column":86}}],"line":8}},"s":{"0":1,"1":1,"2":1,"3":1,"4":1,"5":86,"6":86,"7":1,"8":2,"9":2,"10":1,"11":2,"12":2,"13":1},"f":{"0":1,"1":86,"2":2,"3":2},"b":{"0":[1,1]},"inputSourceMap":{"version":3,"file":"/Users/huangjiakang/Desktop/CPSC310/project_team051/src/controller/IInsightFacade.ts","sources":["/Users/huangjiakang/Desktop/CPSC310/project_team051/src/controller/IInsightFacade.ts"],"names":[],"mappings":";;;AAMA,IAAY,kBAGX;AAHD,WAAY,kBAAkB;IAC7B,2CAAqB,CAAA;IACrB,qCAAe,CAAA;AAChB,CAAC,EAHW,kBAAkB,GAAlB,0BAAkB,KAAlB,0BAAkB,QAG7B;AAUD,MAAa,YAAa,SAAQ,KAAK;IACtC,YAAY,OAAgB;QAC3B,KAAK,CAAC,OAAO,CAAC,CAAC;QACf,KAAK,CAAC,iBAAiB,CAAC,IAAI,EAAE,YAAY,CAAC,CAAC;IAC7C,CAAC;CACD;AALD,oCAKC;AAED,MAAa,aAAc,SAAQ,KAAK;IACvC,YAAY,OAAgB;QAC3B,KAAK,CAAC,OAAO,CAAC,CAAC;QACf,KAAK,CAAC,iBAAiB,CAAC,IAAI,EAAE,aAAa,CAAC,CAAC;IAC9C,CAAC;CACD;AALD,sCAKC;AAED,MAAa,mBAAoB,SAAQ,KAAK;IAC7C,YAAY,OAAgB;QAC3B,KAAK,CAAC,OAAO,CAAC,CAAC;QACf,KAAK,CAAC,iBAAiB,CAAC,IAAI,EAAE,mBAAmB,CAAC,CAAC;IACpD,CAAC;CACD;AALD,kDAKC","sourcesContent":["/*\n * This is the primary high-level API for the project. In this folder there should be:\n * A class called InsightFacade, this should be in a file called InsightFacade.ts.\n * You should not change this interface at all or the test suite will not work.\n */\n\nexport enum InsightDatasetKind {\n\tSections = \"sections\",\n\tRooms = \"rooms\",\n}\n\nexport interface InsightDataset {\n\tid: string;\n\tkind: InsightDatasetKind;\n\tnumRows: number;\n}\n\nexport type InsightResult = Record<string, string | number>;\n\nexport class InsightError extends Error {\n\tconstructor(message?: string) {\n\t\tsuper(message);\n\t\tError.captureStackTrace(this, InsightError);\n\t}\n}\n\nexport class NotFoundError extends Error {\n\tconstructor(message?: string) {\n\t\tsuper(message);\n\t\tError.captureStackTrace(this, NotFoundError);\n\t}\n}\n\nexport class ResultTooLargeError extends Error {\n\tconstructor(message?: string) {\n\t\tsuper(message);\n\t\tError.captureStackTrace(this, ResultTooLargeError);\n\t}\n}\n\nexport interface IInsightFacade {\n\t/**\n\t * Add a dataset to insightUBC.\n\t *\n\t * @param id  The id of the dataset being added. Follows the format /^[^_]+$/\n\t * @param content  The base64 content of the dataset. This content should be in the form of a serialized zip file.\n\t * @param kind  The kind of the dataset\n\t *\n\t * @return Promise <string[]>\n\t *\n\t * The promise should fulfill on a successful add, reject for any failures.\n\t * The promise should fulfill with a string array,\n\t * containing the ids of all currently added datasets upon a successful add.\n\t * The promise should reject with an InsightError describing the error.\n\t *\n\t * An id is invalid if it contains an underscore, or is only whitespace characters.\n\t * If id is the same as the id of an already added dataset, the dataset should be rejected and not saved.\n\t *\n\t * After receiving the dataset, it should be processed into a data structure of\n\t * your design. The processed data structure should be persisted to disk; your\n\t * system should be able to load this persisted value into memory for answering\n\t * queries.\n\t *\n\t * Ultimately, a dataset must be added or loaded from disk before queries can\n\t * be successfully answered.\n\t */\n\taddDataset(id: string, content: string, kind: InsightDatasetKind): Promise<string[]>;\n\n\t/**\n\t * Remove a dataset from insightUBC.\n\t *\n\t * @param id  The id of the dataset to remove. Follows the format /^[^_]+$/\n\t *\n\t * @return Promise <string>\n\t *\n\t * The promise should fulfill upon a successful removal, reject on any error.\n\t * Attempting to remove a dataset that hasn't been added yet counts as an error.\n\t *\n\t * An id is invalid if it contains an underscore, or is only whitespace characters.\n\t *\n\t * The promise should fulfill the id of the dataset that was removed.\n\t * The promise should reject with a NotFoundError (if a valid id was not yet added)\n\t * or an InsightError (invalid id or any other source of failure) describing the error.\n\t *\n\t * This will delete both disk and memory caches for the dataset for the id meaning\n\t * that subsequent queries for that id should fail unless a new addDataset happens first.\n\t */\n\tremoveDataset(id: string): Promise<string>;\n\n\t/**\n\t * Perform a query on insightUBC.\n\t *\n\t * @param query  The query to be performed.\n\t *\n\t * If a query is incorrectly formatted, references a dataset not added (in memory or on disk),\n\t * or references multiple datasets, it should be rejected.\n\t *\n\t * @return Promise <InsightResult[]>\n\t *\n\t * The promise should fulfill with an array of results.\n\t * The promise should reject with a ResultTooLargeError (if the query returns too many results)\n\t * or an InsightError (for any other source of failure) describing the error.\n\t */\n\tperformQuery(query: unknown): Promise<InsightResult[]>;\n\n\t/**\n\t * List all currently added datasets, their types, and number of rows.\n\t *\n\t * @return Promise <InsightDataset[]>\n\t * The promise should fulfill an array of currently added InsightDatasets, and will only fulfill.\n\t */\n\tlistDatasets(): Promise<InsightDataset[]>;\n}\n"]},"_coverageSchema":"1a1c01bbd47fc00a2c39e90264f33305004495a9","hash":"26c4404533c9f60737b92205836f8b5dc1a0f115","contentHash":"2ea7e9b2273b2ffc8b51f4689880418cf2b4a220bc1e9b9e92beb0d260cc9390"},"/Users/huangjiakang/Desktop/CPSC310/project_team051/src/controller/InsightFacade.ts":{"path":"/Users/huangjiakang/Desktop/CPSC310/project_team051/src/controller/InsightFacade.ts","statementMap":{"0":{"start":{"line":2,"column":22},"end":{"line":4,"column":1}},"1":{"start":{"line":3,"column":4},"end":{"line":3,"column":62}},"2":{"start":{"line":5,"column":0},"end":{"line":5,"column":62}},"3":{"start":{"line":6,"column":25},"end":{"line":6,"column":52}},"4":{"start":{"line":7,"column":25},"end":{"line":7,"column":69}},"5":{"start":{"line":8,"column":23},"end":{"line":8,"column":65}},"6":{"start":{"line":9,"column":29},"end":{"line":9,"column":77}},"7":{"start":{"line":10,"column":16},"end":{"line":10,"column":49}},"8":{"start":{"line":11,"column":31},"end":{"line":11,"column":81}},"9":{"start":{"line":12,"column":26},"end":{"line":12,"column":71}},"10":{"start":{"line":21,"column":8},"end":{"line":21,"column":61}},"11":{"start":{"line":22,"column":8},"end":{"line":22,"column":35}},"12":{"start":{"line":23,"column":8},"end":{"line":23,"column":88}},"13":{"start":{"line":24,"column":8},"end":{"line":24,"column":82}},"14":{"start":{"line":25,"column":8},"end":{"line":25,"column":57}},"15":{"start":{"line":26,"column":8},"end":{"line":26,"column":73}},"16":{"start":{"line":29,"column":8},"end":{"line":29,"column":49}},"17":{"start":{"line":30,"column":8},"end":{"line":30,"column":48}},"18":{"start":{"line":31,"column":8},"end":{"line":31,"column":53}},"19":{"start":{"line":32,"column":8},"end":{"line":53,"column":9}},"20":{"start":{"line":33,"column":12},"end":{"line":36,"column":13}},"21":{"start":{"line":34,"column":16},"end":{"line":34,"column":55}},"22":{"start":{"line":35,"column":16},"end":{"line":35,"column":42}},"23":{"start":{"line":37,"column":29},"end":{"line":37,"column":93}},"24":{"start":{"line":39,"column":12},"end":{"line":44,"column":13}},"25":{"start":{"line":40,"column":16},"end":{"line":40,"column":82}},"26":{"start":{"line":43,"column":16},"end":{"line":43,"column":79}},"27":{"start":{"line":45,"column":12},"end":{"line":47,"column":13}},"28":{"start":{"line":46,"column":16},"end":{"line":46,"column":94}},"29":{"start":{"line":48,"column":12},"end":{"line":48,"column":98}},"30":{"start":{"line":49,"column":12},"end":{"line":49,"column":72}},"31":{"start":{"line":52,"column":12},"end":{"line":52,"column":77}},"32":{"start":{"line":54,"column":8},"end":{"line":54,"column":51}},"33":{"start":{"line":57,"column":8},"end":{"line":60,"column":9}},"34":{"start":{"line":58,"column":12},"end":{"line":58,"column":51}},"35":{"start":{"line":59,"column":12},"end":{"line":59,"column":38}},"36":{"start":{"line":61,"column":8},"end":{"line":78,"column":9}},"37":{"start":{"line":62,"column":12},"end":{"line":64,"column":13}},"38":{"start":{"line":63,"column":16},"end":{"line":63,"column":80}},"39":{"start":{"line":65,"column":32},"end":{"line":65,"column":37}},"40":{"start":{"line":66,"column":12},"end":{"line":68,"column":13}},"41":{"start":{"line":67,"column":16},"end":{"line":67,"column":101}},"42":{"start":{"line":69,"column":12},"end":{"line":69,"column":49}},"43":{"start":{"line":72,"column":12},"end":{"line":77,"column":13}},"44":{"start":{"line":73,"column":16},"end":{"line":73,"column":28}},"45":{"start":{"line":76,"column":16},"end":{"line":76,"column":83}},"46":{"start":{"line":81,"column":27},"end":{"line":81,"column":60}},"47":{"start":{"line":82,"column":26},"end":{"line":82,"column":73}},"48":{"start":{"line":83,"column":8},"end":{"line":85,"column":9}},"49":{"start":{"line":84,"column":12},"end":{"line":84,"column":102}},"50":{"start":{"line":86,"column":28},"end":{"line":86,"column":66}},"51":{"start":{"line":87,"column":8},"end":{"line":89,"column":9}},"52":{"start":{"line":88,"column":12},"end":{"line":88,"column":104}},"53":{"start":{"line":90,"column":28},"end":{"line":90,"column":137}},"54":{"start":{"line":91,"column":29},"end":{"line":91,"column":67}},"55":{"start":{"line":92,"column":27},"end":{"line":92,"column":31}},"56":{"start":{"line":93,"column":8},"end":{"line":95,"column":9}},"57":{"start":{"line":94,"column":12},"end":{"line":94,"column":61}},"58":{"start":{"line":96,"column":8},"end":{"line":96,"column":28}},"59":{"start":{"line":99,"column":8},"end":{"line":102,"column":9}},"60":{"start":{"line":100,"column":12},"end":{"line":100,"column":51}},"61":{"start":{"line":101,"column":12},"end":{"line":101,"column":38}},"62":{"start":{"line":103,"column":8},"end":{"line":103,"column":49}},"63":{"start":{"line":104,"column":8},"end":{"line":110,"column":9}},"64":{"start":{"line":105,"column":12},"end":{"line":105,"column":52}},"65":{"start":{"line":106,"column":12},"end":{"line":106,"column":72}},"66":{"start":{"line":109,"column":12},"end":{"line":109,"column":73}},"67":{"start":{"line":111,"column":8},"end":{"line":111,"column":35}},"68":{"start":{"line":114,"column":8},"end":{"line":117,"column":9}},"69":{"start":{"line":115,"column":12},"end":{"line":115,"column":51}},"70":{"start":{"line":116,"column":12},"end":{"line":116,"column":38}},"71":{"start":{"line":118,"column":8},"end":{"line":118,"column":55}},"72":{"start":{"line":121,"column":0},"end":{"line":121,"column":32}}},"fnMap":{"0":{"name":"(anonymous_0)","decl":{"start":{"line":2,"column":56},"end":{"line":2,"column":57}},"loc":{"start":{"line":2,"column":71},"end":{"line":4,"column":1}},"line":2},"1":{"name":"(anonymous_1)","decl":{"start":{"line":20,"column":4},"end":{"line":20,"column":5}},"loc":{"start":{"line":20,"column":18},"end":{"line":27,"column":5}},"line":20},"2":{"name":"(anonymous_2)","decl":{"start":{"line":28,"column":4},"end":{"line":28,"column":5}},"loc":{"start":{"line":28,"column":40},"end":{"line":55,"column":5}},"line":28},"3":{"name":"(anonymous_3)","decl":{"start":{"line":56,"column":4},"end":{"line":56,"column":5}},"loc":{"start":{"line":56,"column":30},"end":{"line":79,"column":5}},"line":56},"4":{"name":"(anonymous_4)","decl":{"start":{"line":80,"column":4},"end":{"line":80,"column":5}},"loc":{"start":{"line":80,"column":35},"end":{"line":97,"column":5}},"line":80},"5":{"name":"(anonymous_5)","decl":{"start":{"line":98,"column":4},"end":{"line":98,"column":5}},"loc":{"start":{"line":98,"column":28},"end":{"line":112,"column":5}},"line":98},"6":{"name":"(anonymous_6)","decl":{"start":{"line":113,"column":4},"end":{"line":113,"column":5}},"loc":{"start":{"line":113,"column":25},"end":{"line":119,"column":5}},"line":113}},"branchMap":{"0":{"loc":{"start":{"line":2,"column":22},"end":{"line":4,"column":1}},"type":"binary-expr","locations":[{"start":{"line":2,"column":23},"end":{"line":2,"column":27}},{"start":{"line":2,"column":31},"end":{"line":2,"column":51}},{"start":{"line":2,"column":56},"end":{"line":4,"column":1}}],"line":2},"1":{"loc":{"start":{"line":3,"column":11},"end":{"line":3,"column":61}},"type":"cond-expr","locations":[{"start":{"line":3,"column":37},"end":{"line":3,"column":40}},{"start":{"line":3,"column":43},"end":{"line":3,"column":61}}],"line":3},"2":{"loc":{"start":{"line":3,"column":12},"end":{"line":3,"column":33}},"type":"binary-expr","locations":[{"start":{"line":3,"column":12},"end":{"line":3,"column":15}},{"start":{"line":3,"column":19},"end":{"line":3,"column":33}}],"line":3},"3":{"loc":{"start":{"line":33,"column":12},"end":{"line":36,"column":13}},"type":"if","locations":[{"start":{"line":33,"column":12},"end":{"line":36,"column":13}},{"start":{"line":33,"column":12},"end":{"line":36,"column":13}}],"line":33},"4":{"loc":{"start":{"line":39,"column":12},"end":{"line":44,"column":13}},"type":"if","locations":[{"start":{"line":39,"column":12},"end":{"line":44,"column":13}},{"start":{"line":39,"column":12},"end":{"line":44,"column":13}}],"line":39},"5":{"loc":{"start":{"line":45,"column":12},"end":{"line":47,"column":13}},"type":"if","locations":[{"start":{"line":45,"column":12},"end":{"line":47,"column":13}},{"start":{"line":45,"column":12},"end":{"line":47,"column":13}}],"line":45},"6":{"loc":{"start":{"line":57,"column":8},"end":{"line":60,"column":9}},"type":"if","locations":[{"start":{"line":57,"column":8},"end":{"line":60,"column":9}},{"start":{"line":57,"column":8},"end":{"line":60,"column":9}}],"line":57},"7":{"loc":{"start":{"line":62,"column":12},"end":{"line":64,"column":13}},"type":"if","locations":[{"start":{"line":62,"column":12},"end":{"line":64,"column":13}},{"start":{"line":62,"column":12},"end":{"line":64,"column":13}}],"line":62},"8":{"loc":{"start":{"line":66,"column":12},"end":{"line":68,"column":13}},"type":"if","locations":[{"start":{"line":66,"column":12},"end":{"line":68,"column":13}},{"start":{"line":66,"column":12},"end":{"line":68,"column":13}}],"line":66},"9":{"loc":{"start":{"line":72,"column":12},"end":{"line":77,"column":13}},"type":"if","locations":[{"start":{"line":72,"column":12},"end":{"line":77,"column":13}},{"start":{"line":72,"column":12},"end":{"line":77,"column":13}}],"line":72},"10":{"loc":{"start":{"line":72,"column":16},"end":{"line":72,"column":119}},"type":"binary-expr","locations":[{"start":{"line":72,"column":16},"end":{"line":72,"column":62}},{"start":{"line":72,"column":66},"end":{"line":72,"column":119}}],"line":72},"11":{"loc":{"start":{"line":83,"column":8},"end":{"line":85,"column":9}},"type":"if","locations":[{"start":{"line":83,"column":8},"end":{"line":85,"column":9}},{"start":{"line":83,"column":8},"end":{"line":85,"column":9}}],"line":83},"12":{"loc":{"start":{"line":87,"column":8},"end":{"line":89,"column":9}},"type":"if","locations":[{"start":{"line":87,"column":8},"end":{"line":89,"column":9}},{"start":{"line":87,"column":8},"end":{"line":89,"column":9}}],"line":87},"13":{"loc":{"start":{"line":87,"column":12},"end":{"line":87,"column":133}},"type":"binary-expr","locations":[{"start":{"line":87,"column":12},"end":{"line":87,"column":72}},{"start":{"line":87,"column":76},"end":{"line":87,"column":133}}],"line":87},"14":{"loc":{"start":{"line":90,"column":28},"end":{"line":90,"column":137}},"type":"cond-expr","locations":[{"start":{"line":90,"column":91},"end":{"line":90,"column":114}},{"start":{"line":90,"column":117},"end":{"line":90,"column":137}}],"line":90},"15":{"loc":{"start":{"line":93,"column":8},"end":{"line":95,"column":9}},"type":"if","locations":[{"start":{"line":93,"column":8},"end":{"line":95,"column":9}},{"start":{"line":93,"column":8},"end":{"line":95,"column":9}}],"line":93},"16":{"loc":{"start":{"line":99,"column":8},"end":{"line":102,"column":9}},"type":"if","locations":[{"start":{"line":99,"column":8},"end":{"line":102,"column":9}},{"start":{"line":99,"column":8},"end":{"line":102,"column":9}}],"line":99},"17":{"loc":{"start":{"line":114,"column":8},"end":{"line":117,"column":9}},"type":"if","locations":[{"start":{"line":114,"column":8},"end":{"line":117,"column":9}},{"start":{"line":114,"column":8},"end":{"line":117,"column":9}}],"line":114}},"s":{"0":1,"1":6,"2":1,"3":1,"4":1,"5":1,"6":1,"7":1,"8":1,"9":1,"10":61,"11":61,"12":61,"13":61,"14":61,"15":61,"16":57,"17":53,"18":52,"19":52,"20":52,"21":38,"22":38,"23":52,"24":50,"25":44,"26":6,"27":49,"28":9,"29":40,"30":40,"31":12,"32":40,"33":58,"34":0,"35":0,"36":58,"37":58,"38":2,"39":45,"40":45,"41":0,"42":45,"43":13,"44":13,"45":0,"46":45,"47":45,"48":45,"49":1,"50":44,"51":44,"52":0,"53":44,"54":44,"55":41,"56":41,"57":2,"58":39,"59":13,"60":4,"61":4,"62":13,"63":12,"64":12,"65":2,"66":10,"67":10,"68":27,"69":10,"70":10,"71":27,"72":1},"f":{"0":6,"1":61,"2":57,"3":58,"4":45,"5":13,"6":27},"b":{"0":[1,1,1],"1":[5,1],"2":[6,6],"3":[38,14],"4":[44,6],"5":[9,40],"6":[0,58],"7":[2,45],"8":[0,45],"9":[13,0],"10":[13,0],"11":[1,44],"12":[0,44],"13":[44,4],"14":[40,4],"15":[2,39],"16":[4,9],"17":[10,17]},"inputSourceMap":{"version":3,"file":"/Users/huangjiakang/Desktop/CPSC310/project_team051/src/controller/InsightFacade.ts","sources":["/Users/huangjiakang/Desktop/CPSC310/project_team051/src/controller/InsightFacade.ts"],"names":[],"mappings":";;;;;AAAA,qDAQ0B;AAC1B,sEAA8C;AAC9C,kEAAqD;AACrD,8EAAsD;AACtD,kDAA0B;AAC1B,kFAA0D;AAC1D,wEAAgD;AAEhD,MAAqB,aAAa;IACzB,cAAc,CAAiB;IAC/B,aAAa,CAAU;IACvB,YAAY,CAAe;IAC3B,kBAAkB,CAAqB;IACvC,oBAAoB,CAAuB;IAC3C,eAAe,CAAkB;IAEzC;QACC,IAAI,CAAC,cAAc,GAAG,IAAI,wBAAc,EAAE,CAAC;QAC3C,IAAI,CAAC,aAAa,GAAG,KAAK,CAAC;QAC3B,IAAI,CAAC,kBAAkB,GAAG,IAAI,4BAAkB,CAAC,IAAI,CAAC,cAAc,CAAC,CAAC;QACtE,IAAI,CAAC,eAAe,GAAG,IAAI,yBAAe,CAAC,IAAI,CAAC,cAAc,CAAC,CAAC;QAChE,IAAI,CAAC,YAAY,GAAG,IAAI,sBAAY,EAAE,CAAC;QACvC,IAAI,CAAC,oBAAoB,GAAG,IAAI,8BAAoB,EAAE,CAAC;IACxD,CAAC;IAEM,KAAK,CAAC,UAAU,CAAC,EAAU,EAAE,OAAe,EAAE,IAAwB;QAE5E,MAAM,IAAI,CAAC,cAAc,CAAC,UAAU,CAAC,EAAE,CAAC,CAAC;QACzC,MAAM,IAAI,CAAC,cAAc,CAAC,SAAS,CAAC,EAAE,CAAC,CAAC;QACxC,MAAM,IAAI,CAAC,cAAc,CAAC,YAAY,CAAC,IAAI,CAAC,CAAC;QAC7C,IAAI;YAEH,IAAI,CAAC,IAAI,CAAC,aAAa,EAAE;gBACxB,MAAM,IAAI,CAAC,cAAc,CAAC,UAAU,EAAE,CAAC;gBACvC,IAAI,CAAC,aAAa,GAAG,IAAI,CAAC;aAC1B;YACD,MAAM,QAAQ,GAAG,MAAM,IAAI,eAAK,EAAE,CAAC,SAAS,CAAC,OAAO,EAAE,EAAE,MAAM,EAAE,IAAI,EAAE,CAAC,CAAC;YACxE,IAAI,aAAoB,CAAC;YAEzB,IAAI,IAAI,KAAK,mCAAkB,CAAC,QAAQ,EAAE;gBAQzC,aAAa,GAAG,MAAM,IAAI,CAAC,cAAc,CAAC,aAAa,CAAC,QAAQ,CAAC,CAAC;aAClE;iBAAM;gBAeN,aAAa,GAAG,MAAM,IAAI,CAAC,cAAc,CAAC,UAAU,CAAC,QAAQ,CAAC,CAAC;aAC/D;YACD,IAAI,aAAa,CAAC,MAAM,KAAK,CAAC,EAAE;gBAC/B,MAAM,IAAI,6BAAY,CAAC,oCAAoC,CAAC,CAAC;aAC7D;YAED,MAAM,IAAI,CAAC,cAAc,CAAC,iBAAiB,CAAC,EAAE,EAAE,IAAI,EAAE,aAAa,CAAC,MAAM,EAAE,QAAQ,CAAC,CAAC;YACtF,IAAI,CAAC,cAAc,CAAC,cAAc,CAAC,EAAE,EAAE,IAAI,EAAE,aAAa,CAAC,CAAC;SAE5D;QAAC,OAAO,CAAC,EAAE;YAGX,MAAM,IAAI,6BAAY,CAAC,uBAAuB,CAAC,CAAC;SAEhD;QAED,OAAO,IAAI,CAAC,cAAc,CAAC,aAAa,EAAE,CAAC;IAC5C,CAAC;IAEM,KAAK,CAAC,YAAY,CAAC,KAAc;QAEvC,IAAI,CAAC,IAAI,CAAC,aAAa,EAAE;YACxB,MAAM,IAAI,CAAC,cAAc,CAAC,UAAU,EAAE,CAAC;YACvC,IAAI,CAAC,aAAa,GAAG,IAAI,CAAC;SAC1B;QAED,IAAI;YAEH,IAAI,CAAC,IAAI,CAAC,YAAY,CAAC,mBAAmB,CAAC,KAAK,CAAC,EAAE;gBAClD,MAAM,IAAI,6BAAY,CAAC,sBAAsB,CAAC,CAAC;aAC/C;YAGD,MAAM,WAAW,GAAG,KAAc,CAAC;YAGnC,IAAI,CAAC,IAAI,CAAC,oBAAoB,CAAC,kBAAkB,CAAC,WAAW,CAAC,EAAE;gBAC/D,MAAM,IAAI,6BAAY,CAAC,2CAA2C,CAAC,CAAC;aACpE;YAED,OAAO,IAAI,CAAC,WAAW,CAAC,WAAW,CAAC,CAAC;SACrC;QAAC,OAAO,KAAK,EAAE;YACf,IAAI,KAAK,YAAY,6BAAY,IAAI,KAAK,YAAY,oCAAmB,EAAE;gBAC1E,MAAM,KAAK,CAAC;aACZ;iBAAM;gBACN,MAAM,IAAI,6BAAY,CAAC,yBAAyB,CAAC,CAAC;aAClD;SACD;IACF,CAAC;IAEM,KAAK,CAAC,WAAW,CAAC,WAAkB;QAE1C,MAAM,UAAU,GAAG,IAAI,CAAC,cAAc,CAAC,WAAW,EAAE,CAAC;QACrD,MAAM,SAAS,GAAG,IAAI,CAAC,YAAY,CAAC,gBAAgB,CAAC,WAAW,CAAC,CAAC;QAClE,IAAI,CAAC,UAAU,CAAC,GAAG,CAAC,SAAS,CAAC,EAAE;YAC/B,MAAM,IAAI,6BAAY,CAAC,oBAAoB,SAAS,mBAAmB,CAAC,CAAC;SACzE;QAED,MAAM,WAAW,GAAG,IAAI,CAAC,cAAc,CAAC,OAAO,CAAC,SAAS,CAAC,CAAC;QAG3D,IAAI,WAAW,KAAK,mCAAkB,CAAC,QAAQ,IAAI,WAAW,KAAK,mCAAkB,CAAC,KAAK,EAAE;YAC5F,MAAM,IAAI,6BAAY,CAAC,uCAAuC,SAAS,EAAE,CAAC,CAAC;SAC3E;QAGD,MAAM,WAAW,GAAG,WAAW,KAAK,mCAAkB,CAAC,QAAQ,CAAC,CAAC,CAAC,IAAI,CAAC,kBAAkB,CAAC,CAAC,CAAC,IAAI,CAAC,eAAe,CAAC;QAGjH,MAAM,YAAY,GAAG,MAAM,WAAW,CAAC,OAAO,CAAC,WAAW,CAAC,CAAC;QAG5D,MAAM,UAAU,GAAG,IAAI,CAAC;QACxB,IAAI,YAAY,CAAC,MAAM,GAAG,UAAU,EAAE;YACrC,MAAM,IAAI,oCAAmB,EAAE,CAAC;SAChC;QAED,OAAO,YAAY,CAAC;IACrB,CAAC;IAEM,KAAK,CAAC,aAAa,CAAC,EAAU;QAEpC,IAAI,CAAC,IAAI,CAAC,aAAa,EAAE;YACxB,MAAM,IAAI,CAAC,cAAc,CAAC,UAAU,EAAE,CAAC;YACvC,IAAI,CAAC,aAAa,GAAG,IAAI,CAAC;SAC1B;QAGD,MAAM,IAAI,CAAC,cAAc,CAAC,UAAU,CAAC,EAAE,CAAC,CAAC;QAEzC,IAAI;YAEH,MAAM,IAAI,CAAC,cAAc,CAAC,SAAS,CAAC,EAAE,CAAC,CAAC;YACxC,OAAO,OAAO,CAAC,MAAM,CAAC,IAAI,8BAAa,EAAE,CAAC,CAAC;SAC3C;QAAC,OAAO,CAAC,EAAE;YAEX,MAAM,IAAI,CAAC,cAAc,CAAC,8BAA8B,CAAC,EAAE,CAAC,CAAC;SAC7D;QAED,OAAO,OAAO,CAAC,OAAO,CAAC,EAAE,CAAC,CAAC;IAC5B,CAAC;IAEM,KAAK,CAAC,YAAY;QAExB,IAAI,CAAC,IAAI,CAAC,aAAa,EAAE;YACxB,MAAM,IAAI,CAAC,cAAc,CAAC,UAAU,EAAE,CAAC;YACvC,IAAI,CAAC,aAAa,GAAG,IAAI,CAAC;SAC1B;QAID,OAAO,IAAI,CAAC,cAAc,CAAC,iBAAiB,EAAE,CAAC;IAChD,CAAC;CACD;AAxKD,gCAwKC","sourcesContent":["import {\n\tIInsightFacade,\n\tInsightDataset,\n\tInsightDatasetKind,\n\tInsightError,\n\tInsightResult,\n\tResultTooLargeError,\n\tNotFoundError,\n} from \"./IInsightFacade\";\nimport DatasetManager from \"./DatasetManager\";\nimport QueryChecker, { Query } from \"./QueryChecker\"; // Import Query interface\nimport SectionQueryRunner from \"./SectionQueryRunner\";\nimport JSZip from \"jszip\";\nimport QuerySingleIdChecker from \"./QuerySingleIdChecker\";\nimport RoomQueryRunner from \"./RoomQueryRunner\";\n\nexport default class InsightFacade implements IInsightFacade {\n\tprivate datasetManager: DatasetManager;\n\tprivate isInitialized: boolean; // Flag to track if initialization has been completed\n\tprivate queryChecker: QueryChecker;\n\tprivate sectionQueryRunner: SectionQueryRunner;\n\tprivate querySingleIdChecker: QuerySingleIdChecker;\n\tprivate roomQueryRunner: RoomQueryRunner;\n\n\tconstructor() {\n\t\tthis.datasetManager = new DatasetManager();\n\t\tthis.isInitialized = false; // Ensure the initialized flag is set to false initially\n\t\tthis.sectionQueryRunner = new SectionQueryRunner(this.datasetManager);\n\t\tthis.roomQueryRunner = new RoomQueryRunner(this.datasetManager);\n\t\tthis.queryChecker = new QueryChecker();\n\t\tthis.querySingleIdChecker = new QuerySingleIdChecker();\n\t}\n\n\tpublic async addDataset(id: string, content: string, kind: InsightDatasetKind): Promise<string[]> {\n\t\t// Validate dataset ID and kind\n\t\tawait this.datasetManager.validateID(id);\n\t\tawait this.datasetManager.idExisted(id); // Check if the ID already exists\n\t\tawait this.datasetManager.validateKind(kind);\n\t\ttry {\n\t\t\t// Initialize dataset manager if not already initialized\n\t\t\tif (!this.isInitialized) {\n\t\t\t\tawait this.datasetManager.initialize();\n\t\t\t\tthis.isInitialized = true; // Set initialized to true after successful initialization\n\t\t\t}\n\t\t\tconst unzipped = await new JSZip().loadAsync(content, { base64: true });\n\t\t\tlet parsedEntries: any[];\n\n\t\t\tif (kind === InsightDatasetKind.Sections) {\n\t\t\t\t// const folderName = \"courses/\";\n\t\t\t\t// const courseFolder = unzipped.folder(folderName);\n\t\t\t\t// if (courseFolder === null) {\n\t\t\t\t// \tthrow new InsightError(\"No courses folder exists\");\n\t\t\t\t// }\n\t\t\t\t// // Parse sections from the course folder\n\t\t\t\t// parsedEntries = await this.datasetManager.parseSectionsJson(courseFolder);\n\t\t\t\tparsedEntries = await this.datasetManager.parseSections(unzipped);\n\t\t\t} else {\n\t\t\t\t// kind === InsightDatasetKind.Rooms\n\t\t\t\t// const indexFile = Object.values(unzipped.files).find(file => file.name.endsWith('index.htm'));\n\t\t\t\t// if (!indexFile) {\n\t\t\t\t// \tthrow new InsightError(\"No index.htm file exists\");\n\t\t\t\t// }\n\t\t\t\t// // Extract the folder path correctly\n\t\t\t\t// const folderPath = indexFile.name.substring(0, indexFile.name.lastIndexOf('/') + 1);\n\t\t\t\t// // Get the folder JSZip object\n\t\t\t\t// const folder = unzipped.folder(folderPath);\n\t\t\t\t// if (!folder) {\n\t\t\t\t// \tthrow new InsightError(`Folder not found: ${folderPath}`);\n\t\t\t\t// }\n\t\t\t\t// // Parse the rooms HTML\n\t\t\t\t// parsedEntries = await this.datasetManager.parseRoomsHTML(folder, indexFile);\n\t\t\t\tparsedEntries = await this.datasetManager.parseRooms(unzipped);\n\t\t\t}\n\t\t\tif (parsedEntries.length === 0) {\n\t\t\t\tthrow new InsightError(\"No valid sections found in dataset\");\n\t\t\t}\n\t\t\t// Write the dataset to disk and update internal maps\n\t\t\tawait this.datasetManager.writeDatasetToZip(id, kind, parsedEntries.length, unzipped);\n\t\t\tthis.datasetManager.setDatasetMaps(id, kind, parsedEntries);\n\t\t\t// this.datasetManager.printEntries();//to do\n\t\t} catch (_) {\n\t\t\t// Log error for debugging and throw a general error\n\t\t\t//  console.error(`Failed to add dataset: ${err}`);\n\t\t\tthrow new InsightError(\"Failed to add dataset\");\n\t\t\t// throw err;\n\t\t}\n\n\t\treturn this.datasetManager.getDatasetIDs(); // Return the list of dataset IDs\n\t}\n\n\tpublic async performQuery(query: unknown): Promise<InsightResult[]> {\n\t\t// Initialize the dataset manager if it hasn't been initialized yet\n\t\tif (!this.isInitialized) {\n\t\t\tawait this.datasetManager.initialize();\n\t\t\tthis.isInitialized = true;\n\t\t}\n\n\t\ttry {\n\t\t\t// Validate the query structure using the query validator\n\t\t\tif (!this.queryChecker.validateQueryFormat(query)) {\n\t\t\t\tthrow new InsightError(\"Invalid query format\");\n\t\t\t}\n\n\t\t\t// Assert that the query is of type Query at this point\n\t\t\tconst queryObject = query as Query;\n\n\t\t\t// Ensure the query references exactly one dataset\n\t\t\tif (!this.querySingleIdChecker.checkSingleDataset(queryObject)) {\n\t\t\t\tthrow new InsightError(\"Query must reference exactly one dataset.\");\n\t\t\t}\n\n\t\t\treturn this.queryRunner(queryObject);\n\t\t} catch (error) {\n\t\t\tif (error instanceof InsightError || error instanceof ResultTooLargeError) {\n\t\t\t\tthrow error;\n\t\t\t} else {\n\t\t\t\tthrow new InsightError(\"Failed to perform query\");\n\t\t\t}\n\t\t}\n\t}\n\n\tpublic async queryRunner(queryObject: Query): Promise<InsightResult[]> {\n\t\t// Retrieve available datasets and check if the required dataset exists\n\t\tconst datasetMap = this.datasetManager.getDatasets();\n\t\tconst datasetId = this.queryChecker.extractDatasetId(queryObject);\n\t\tif (!datasetMap.has(datasetId)) {\n\t\t\tthrow new InsightError(`Dataset with id \"${datasetId}\" does not exist.`);\n\t\t}\n\n\t\tconst datasetKind = this.datasetManager.getKind(datasetId);\n\n\t\t// Ensure the dataset is of the correct kind\n\t\tif (datasetKind !== InsightDatasetKind.Sections && datasetKind !== InsightDatasetKind.Rooms) {\n\t\t\tthrow new InsightError(`Invalid dataset kind for dataset id ${datasetId}`);\n\t\t}\n\n\t\t// Select the appropriate query runner based on the dataset kind\n\t\tconst queryRunner = datasetKind === InsightDatasetKind.Sections ? this.sectionQueryRunner : this.roomQueryRunner;\n\n\t\t// Execute the query using the selected query runner\n\t\tconst queryResults = await queryRunner.execute(queryObject);\n\n\t\t// Ensure that the result set is within the acceptable size limit\n\t\tconst maxResults = 5000;\n\t\tif (queryResults.length > maxResults) {\n\t\t\tthrow new ResultTooLargeError();\n\t\t}\n\n\t\treturn queryResults;\n\t}\n\n\tpublic async removeDataset(id: string): Promise<string> {\n\t\t// Initialize dataset manager if not already initialized\n\t\tif (!this.isInitialized) {\n\t\t\tawait this.datasetManager.initialize();\n\t\t\tthis.isInitialized = true;\n\t\t}\n\n\t\t// Validate the dataset ID\n\t\tawait this.datasetManager.validateID(id);\n\n\t\ttry {\n\t\t\t// Check if the dataset exists before removing\n\t\t\tawait this.datasetManager.idExisted(id);\n\t\t\treturn Promise.reject(new NotFoundError());\n\t\t} catch (_) {\n\t\t\t// Remove dataset from disk and internal maps\n\t\t\tawait this.datasetManager.removeDatasetFromFacadeAndDisk(id);\n\t\t}\n\n\t\treturn Promise.resolve(id); // Return the removed dataset ID\n\t}\n\n\tpublic async listDatasets(): Promise<InsightDataset[]> {\n\t\t// Initialize dataset manager if not already initialized\n\t\tif (!this.isInitialized) {\n\t\t\tawait this.datasetManager.initialize();\n\t\t\tthis.isInitialized = true;\n\t\t}\n\n\t\t// Return the list of available datasets\n\t\t// console.log(this.datasetManager.getInsightDataset());\n\t\treturn this.datasetManager.getInsightDataset();\n\t}\n}\n"]},"_coverageSchema":"1a1c01bbd47fc00a2c39e90264f33305004495a9","hash":"e048726aead520dcbf0e1ea6160e3645a6d82452","contentHash":"4d9c47ca9720606a921585e7659b338b43cd895ccc873db1ede0726fd27ee05e"},"/Users/huangjiakang/Desktop/CPSC310/project_team051/src/controller/DatasetManager.ts":{"path":"/Users/huangjiakang/Desktop/CPSC310/project_team051/src/controller/DatasetManager.ts","statementMap":{"0":{"start":{"line":2,"column":22},"end":{"line":12,"column":3}},"1":{"start":{"line":3,"column":4},"end":{"line":3,"column":33}},"2":{"start":{"line":3,"column":26},"end":{"line":3,"column":33}},"3":{"start":{"line":4,"column":15},"end":{"line":4,"column":52}},"4":{"start":{"line":5,"column":4},"end":{"line":7,"column":5}},"5":{"start":{"line":6,"column":6},"end":{"line":6,"column":68}},"6":{"start":{"line":6,"column":51},"end":{"line":6,"column":63}},"7":{"start":{"line":8,"column":4},"end":{"line":8,"column":39}},"8":{"start":{"line":10,"column":4},"end":{"line":10,"column":33}},"9":{"start":{"line":10,"column":26},"end":{"line":10,"column":33}},"10":{"start":{"line":11,"column":4},"end":{"line":11,"column":17}},"11":{"start":{"line":13,"column":25},"end":{"line":17,"column":2}},"12":{"start":{"line":14,"column":4},"end":{"line":14,"column":72}},"13":{"start":{"line":16,"column":4},"end":{"line":16,"column":21}},"14":{"start":{"line":18,"column":19},"end":{"line":24,"column":1}},"15":{"start":{"line":19,"column":4},"end":{"line":19,"column":42}},"16":{"start":{"line":19,"column":31},"end":{"line":19,"column":42}},"17":{"start":{"line":20,"column":17},"end":{"line":20,"column":19}},"18":{"start":{"line":21,"column":4},"end":{"line":21,"column":141}},"19":{"start":{"line":21,"column":21},"end":{"line":21,"column":141}},"20":{"start":{"line":21,"column":40},"end":{"line":21,"column":141}},"21":{"start":{"line":21,"column":109},"end":{"line":21,"column":141}},"22":{"start":{"line":22,"column":4},"end":{"line":22,"column":36}},"23":{"start":{"line":23,"column":4},"end":{"line":23,"column":18}},"24":{"start":{"line":25,"column":22},"end":{"line":27,"column":1}},"25":{"start":{"line":26,"column":4},"end":{"line":26,"column":62}},"26":{"start":{"line":28,"column":0},"end":{"line":28,"column":62}},"27":{"start":{"line":29,"column":16},"end":{"line":29,"column":49}},"28":{"start":{"line":30,"column":19},"end":{"line":30,"column":55}},"29":{"start":{"line":31,"column":20},"end":{"line":31,"column":57}},"30":{"start":{"line":32,"column":18},"end":{"line":32,"column":55}},"31":{"start":{"line":33,"column":15},"end":{"line":33,"column":49}},"32":{"start":{"line":34,"column":25},"end":{"line":34,"column":52}},"33":{"start":{"line":35,"column":15},"end":{"line":35,"column":46}},"34":{"start":{"line":37,"column":22},"end":{"line":37,"column":31}},"35":{"start":{"line":38,"column":20},"end":{"line":38,"column":29}},"36":{"start":{"line":39,"column":17},"end":{"line":39,"column":66}},"37":{"start":{"line":41,"column":28},"end":{"line":41,"column":56}},"38":{"start":{"line":42,"column":8},"end":{"line":42,"column":54}},"39":{"start":{"line":45,"column":8},"end":{"line":45,"column":36}},"40":{"start":{"line":48,"column":30},"end":{"line":48,"column":56}},"41":{"start":{"line":49,"column":8},"end":{"line":51,"column":9}},"42":{"start":{"line":50,"column":12},"end":{"line":50,"column":36}},"43":{"start":{"line":52,"column":8},"end":{"line":52,"column":25}},"44":{"start":{"line":55,"column":8},"end":{"line":55,"column":46}},"45":{"start":{"line":56,"column":8},"end":{"line":56,"column":59}},"46":{"start":{"line":59,"column":8},"end":{"line":59,"column":55}},"47":{"start":{"line":62,"column":32},"end":{"line":62,"column":34}},"48":{"start":{"line":63,"column":20},"end":{"line":63,"column":40}},"49":{"start":{"line":64,"column":8},"end":{"line":69,"column":9}},"50":{"start":{"line":65,"column":34},"end":{"line":65,"column":60}},"51":{"start":{"line":66,"column":25},"end":{"line":66,"column":41}},"52":{"start":{"line":67,"column":28},"end":{"line":67,"column":44}},"53":{"start":{"line":68,"column":12},"end":{"line":68,"column":56}},"54":{"start":{"line":70,"column":8},"end":{"line":70,"column":31}},"55":{"start":{"line":73,"column":25},"end":{"line":73,"column":27}},"56":{"start":{"line":74,"column":8},"end":{"line":83,"column":9}},"57":{"start":{"line":75,"column":12},"end":{"line":75,"column":98}},"58":{"start":{"line":76,"column":31},"end":{"line":76,"column":92}},"59":{"start":{"line":77,"column":32},"end":{"line":77,"column":85}},"60":{"start":{"line":78,"column":12},"end":{"line":78,"column":49}},"61":{"start":{"line":79,"column":12},"end":{"line":79,"column":30}},"62":{"start":{"line":82,"column":12},"end":{"line":82,"column":30}},"63":{"start":{"line":86,"column":8},"end":{"line":86,"column":60}},"64":{"start":{"line":87,"column":25},"end":{"line":100,"column":13}},"65":{"start":{"line":87,"column":62},"end":{"line":100,"column":12}},"66":{"start":{"line":88,"column":24},"end":{"line":88,"column":45}},"67":{"start":{"line":89,"column":27},"end":{"line":89,"column":126}},"68":{"start":{"line":90,"column":28},"end":{"line":90,"column":53}},"69":{"start":{"line":91,"column":29},"end":{"line":91,"column":75}},"70":{"start":{"line":92,"column":12},"end":{"line":99,"column":13}},"71":{"start":{"line":93,"column":33},"end":{"line":93,"column":67}},"72":{"start":{"line":94,"column":16},"end":{"line":94,"column":32}},"73":{"start":{"line":97,"column":30},"end":{"line":97,"column":61}},"74":{"start":{"line":98,"column":16},"end":{"line":98,"column":29}},"75":{"start":{"line":101,"column":37},"end":{"line":101,"column":64}},"76":{"start":{"line":102,"column":8},"end":{"line":107,"column":9}},"77":{"start":{"line":102,"column":21},"end":{"line":102,"column":22}},"78":{"start":{"line":103,"column":12},"end":{"line":106,"column":13}},"79":{"start":{"line":104,"column":16},"end":{"line":104,"column":85}},"80":{"start":{"line":105,"column":16},"end":{"line":105,"column":104}},"81":{"start":{"line":110,"column":26},"end":{"line":110,"column":103}},"82":{"start":{"line":110,"column":71},"end":{"line":110,"column":102}},"83":{"start":{"line":111,"column":8},"end":{"line":113,"column":9}},"84":{"start":{"line":112,"column":12},"end":{"line":112,"column":80}},"85":{"start":{"line":114,"column":27},"end":{"line":114,"column":91}},"86":{"start":{"line":115,"column":23},"end":{"line":115,"column":50}},"87":{"start":{"line":116,"column":8},"end":{"line":118,"column":9}},"88":{"start":{"line":117,"column":12},"end":{"line":117,"column":87}},"89":{"start":{"line":119,"column":22},"end":{"line":119,"column":66}},"90":{"start":{"line":120,"column":8},"end":{"line":120,"column":21}},"91":{"start":{"line":123,"column":29},"end":{"line":123,"column":56}},"92":{"start":{"line":124,"column":8},"end":{"line":126,"column":9}},"93":{"start":{"line":125,"column":12},"end":{"line":125,"column":71}},"94":{"start":{"line":127,"column":25},"end":{"line":127,"column":67}},"95":{"start":{"line":128,"column":8},"end":{"line":128,"column":24}},"96":{"start":{"line":131,"column":8},"end":{"line":133,"column":9}},"97":{"start":{"line":132,"column":12},"end":{"line":132,"column":73}},"98":{"start":{"line":136,"column":8},"end":{"line":138,"column":9}},"99":{"start":{"line":137,"column":12},"end":{"line":137,"column":66}},"100":{"start":{"line":141,"column":8},"end":{"line":143,"column":9}},"101":{"start":{"line":142,"column":12},"end":{"line":142,"column":68}},"102":{"start":{"line":146,"column":8},"end":{"line":155,"column":9}},"103":{"start":{"line":147,"column":12},"end":{"line":147,"column":64}},"104":{"start":{"line":148,"column":29},"end":{"line":148,"column":83}},"105":{"start":{"line":149,"column":31},"end":{"line":149,"column":87}},"106":{"start":{"line":150,"column":12},"end":{"line":150,"column":60}},"107":{"start":{"line":151,"column":12},"end":{"line":151,"column":69}},"108":{"start":{"line":154,"column":12},"end":{"line":154,"column":80}},"109":{"start":{"line":158,"column":25},"end":{"line":158,"column":27}},"110":{"start":{"line":159,"column":8},"end":{"line":178,"column":11}},"111":{"start":{"line":160,"column":12},"end":{"line":177,"column":13}},"112":{"start":{"line":161,"column":16},"end":{"line":176,"column":22}},"113":{"start":{"line":162,"column":20},"end":{"line":175,"column":21}},"114":{"start":{"line":163,"column":44},"end":{"line":163,"column":70}},"115":{"start":{"line":164,"column":43},"end":{"line":164,"column":66}},"116":{"start":{"line":165,"column":24},"end":{"line":167,"column":25}},"117":{"start":{"line":166,"column":28},"end":{"line":166,"column":91}},"118":{"start":{"line":168,"column":24},"end":{"line":168,"column":87}},"119":{"start":{"line":171,"column":24},"end":{"line":172,"column":25}},"120":{"start":{"line":173,"column":38},"end":{"line":173,"column":40}},"121":{"start":{"line":174,"column":24},"end":{"line":174,"column":54}},"122":{"start":{"line":179,"column":30},"end":{"line":179,"column":57}},"123":{"start":{"line":180,"column":8},"end":{"line":180,"column":36}},"124":{"start":{"line":183,"column":8},"end":{"line":183,"column":60}},"125":{"start":{"line":184,"column":25},"end":{"line":184,"column":79}},"126":{"start":{"line":185,"column":8},"end":{"line":188,"column":11}},"127":{"start":{"line":186,"column":12},"end":{"line":187,"column":13}},"128":{"start":{"line":189,"column":8},"end":{"line":189,"column":52}},"129":{"start":{"line":190,"column":8},"end":{"line":190,"column":38}},"130":{"start":{"line":191,"column":8},"end":{"line":191,"column":40}},"131":{"start":{"line":194,"column":25},"end":{"line":194,"column":86}},"132":{"start":{"line":195,"column":25},"end":{"line":195,"column":53}},"133":{"start":{"line":196,"column":8},"end":{"line":201,"column":9}},"134":{"start":{"line":197,"column":12},"end":{"line":197,"column":50}},"135":{"start":{"line":200,"column":12},"end":{"line":200,"column":69}},"136":{"start":{"line":200,"column":53},"end":{"line":200,"column":67}},"137":{"start":{"line":202,"column":8},"end":{"line":208,"column":9}},"138":{"start":{"line":203,"column":24},"end":{"line":203,"column":25}},"139":{"start":{"line":204,"column":12},"end":{"line":204,"column":104}},"140":{"start":{"line":207,"column":12},"end":{"line":207,"column":84}},"141":{"start":{"line":211,"column":8},"end":{"line":213,"column":9}},"142":{"start":{"line":212,"column":12},"end":{"line":212,"column":39}},"143":{"start":{"line":214,"column":29},"end":{"line":214,"column":60}},"144":{"start":{"line":215,"column":28},"end":{"line":215,"column":54}},"145":{"start":{"line":216,"column":31},"end":{"line":216,"column":63}},"146":{"start":{"line":217,"column":8},"end":{"line":219,"column":9}},"147":{"start":{"line":218,"column":12},"end":{"line":218,"column":73}},"148":{"start":{"line":220,"column":25},"end":{"line":220,"column":79}},"149":{"start":{"line":221,"column":26},"end":{"line":221,"column":62}},"150":{"start":{"line":222,"column":8},"end":{"line":222,"column":25}},"151":{"start":{"line":225,"column":8},"end":{"line":225,"column":44}},"152":{"start":{"line":228,"column":8},"end":{"line":233,"column":9}},"153":{"start":{"line":229,"column":26},"end":{"line":229,"column":85}},"154":{"start":{"line":229,"column":58},"end":{"line":229,"column":84}},"155":{"start":{"line":230,"column":12},"end":{"line":232,"column":13}},"156":{"start":{"line":231,"column":16},"end":{"line":231,"column":28}},"157":{"start":{"line":234,"column":8},"end":{"line":241,"column":9}},"158":{"start":{"line":235,"column":12},"end":{"line":240,"column":13}},"159":{"start":{"line":236,"column":31},"end":{"line":236,"column":56}},"160":{"start":{"line":237,"column":16},"end":{"line":239,"column":17}},"161":{"start":{"line":238,"column":20},"end":{"line":238,"column":34}},"162":{"start":{"line":242,"column":8},"end":{"line":242,"column":20}},"163":{"start":{"line":245,"column":32},"end":{"line":248,"column":10}},"164":{"start":{"line":249,"column":27},"end":{"line":251,"column":80}},"165":{"start":{"line":250,"column":30},"end":{"line":250,"column":52}},"166":{"start":{"line":251,"column":29},"end":{"line":251,"column":79}},"167":{"start":{"line":251,"column":58},"end":{"line":251,"column":78}},"168":{"start":{"line":252,"column":26},"end":{"line":252,"column":110}},"169":{"start":{"line":252,"column":49},"end":{"line":252,"column":109}},"170":{"start":{"line":252,"column":74},"end":{"line":252,"column":95}},"171":{"start":{"line":253,"column":8},"end":{"line":257,"column":9}},"172":{"start":{"line":254,"column":12},"end":{"line":256,"column":13}},"173":{"start":{"line":255,"column":16},"end":{"line":255,"column":29}},"174":{"start":{"line":258,"column":8},"end":{"line":258,"column":20}},"175":{"start":{"line":261,"column":25},"end":{"line":261,"column":27}},"176":{"start":{"line":262,"column":22},"end":{"line":262,"column":91}},"177":{"start":{"line":262,"column":64},"end":{"line":262,"column":90}},"178":{"start":{"line":263,"column":8},"end":{"line":269,"column":9}},"179":{"start":{"line":264,"column":12},"end":{"line":268,"column":13}},"180":{"start":{"line":265,"column":16},"end":{"line":267,"column":17}},"181":{"start":{"line":266,"column":20},"end":{"line":266,"column":79}},"182":{"start":{"line":270,"column":8},"end":{"line":270,"column":24}},"183":{"start":{"line":277,"column":8},"end":{"line":295,"column":9}},"184":{"start":{"line":278,"column":12},"end":{"line":294,"column":13}},"185":{"start":{"line":279,"column":32},"end":{"line":279,"column":90}},"186":{"start":{"line":279,"column":61},"end":{"line":279,"column":82}},"187":{"start":{"line":280,"column":16},"end":{"line":293,"column":17}},"188":{"start":{"line":282,"column":24},"end":{"line":282,"column":64}},"189":{"start":{"line":283,"column":24},"end":{"line":283,"column":30}},"190":{"start":{"line":285,"column":24},"end":{"line":285,"column":73}},"191":{"start":{"line":286,"column":24},"end":{"line":286,"column":30}},"192":{"start":{"line":288,"column":24},"end":{"line":288,"column":72}},"193":{"start":{"line":289,"column":24},"end":{"line":289,"column":30}},"194":{"start":{"line":291,"column":24},"end":{"line":291,"column":71}},"195":{"start":{"line":292,"column":24},"end":{"line":292,"column":30}},"196":{"start":{"line":296,"column":8},"end":{"line":298,"column":9}},"197":{"start":{"line":297,"column":12},"end":{"line":297,"column":77}},"198":{"start":{"line":299,"column":28},"end":{"line":299,"column":57}},"199":{"start":{"line":300,"column":29},"end":{"line":300,"column":55}},"200":{"start":{"line":301,"column":8},"end":{"line":303,"column":9}},"201":{"start":{"line":302,"column":12},"end":{"line":302,"column":95}},"202":{"start":{"line":304,"column":31},"end":{"line":304,"column":79}},"203":{"start":{"line":305,"column":8},"end":{"line":305,"column":130}},"204":{"start":{"line":308,"column":23},"end":{"line":308,"column":76}},"205":{"start":{"line":308,"column":53},"end":{"line":308,"column":75}},"206":{"start":{"line":309,"column":8},"end":{"line":309,"column":73}},"207":{"start":{"line":309,"column":44},"end":{"line":309,"column":64}},"208":{"start":{"line":312,"column":8},"end":{"line":314,"column":9}},"209":{"start":{"line":313,"column":12},"end":{"line":313,"column":22}},"210":{"start":{"line":315,"column":8},"end":{"line":317,"column":9}},"211":{"start":{"line":316,"column":12},"end":{"line":316,"column":37}},"212":{"start":{"line":318,"column":8},"end":{"line":321,"column":20}},"213":{"start":{"line":319,"column":29},"end":{"line":319,"column":55}},"214":{"start":{"line":324,"column":0},"end":{"line":324,"column":33}}},"fnMap":{"0":{"name":"(anonymous_0)","decl":{"start":{"line":2,"column":74},"end":{"line":2,"column":75}},"loc":{"start":{"line":2,"column":96},"end":{"line":9,"column":1}},"line":2},"1":{"name":"(anonymous_1)","decl":{"start":{"line":6,"column":38},"end":{"line":6,"column":39}},"loc":{"start":{"line":6,"column":49},"end":{"line":6,"column":65}},"line":6},"2":{"name":"(anonymous_2)","decl":{"start":{"line":9,"column":6},"end":{"line":9,"column":7}},"loc":{"start":{"line":9,"column":28},"end":{"line":12,"column":1}},"line":9},"3":{"name":"(anonymous_3)","decl":{"start":{"line":13,"column":80},"end":{"line":13,"column":81}},"loc":{"start":{"line":13,"column":95},"end":{"line":15,"column":1}},"line":13},"4":{"name":"(anonymous_4)","decl":{"start":{"line":15,"column":5},"end":{"line":15,"column":6}},"loc":{"start":{"line":15,"column":20},"end":{"line":17,"column":1}},"line":15},"5":{"name":"(anonymous_5)","decl":{"start":{"line":18,"column":50},"end":{"line":18,"column":51}},"loc":{"start":{"line":18,"column":65},"end":{"line":24,"column":1}},"line":18},"6":{"name":"(anonymous_6)","decl":{"start":{"line":25,"column":56},"end":{"line":25,"column":57}},"loc":{"start":{"line":25,"column":71},"end":{"line":27,"column":1}},"line":25},"7":{"name":"(anonymous_7)","decl":{"start":{"line":40,"column":4},"end":{"line":40,"column":5}},"loc":{"start":{"line":40,"column":23},"end":{"line":43,"column":5}},"line":40},"8":{"name":"(anonymous_8)","decl":{"start":{"line":44,"column":4},"end":{"line":44,"column":5}},"loc":{"start":{"line":44,"column":18},"end":{"line":46,"column":5}},"line":44},"9":{"name":"(anonymous_9)","decl":{"start":{"line":47,"column":4},"end":{"line":47,"column":5}},"loc":{"start":{"line":47,"column":16},"end":{"line":53,"column":5}},"line":47},"10":{"name":"(anonymous_10)","decl":{"start":{"line":54,"column":4},"end":{"line":54,"column":5}},"loc":{"start":{"line":54,"column":38},"end":{"line":57,"column":5}},"line":54},"11":{"name":"(anonymous_11)","decl":{"start":{"line":58,"column":4},"end":{"line":58,"column":5}},"loc":{"start":{"line":58,"column":20},"end":{"line":60,"column":5}},"line":58},"12":{"name":"(anonymous_12)","decl":{"start":{"line":61,"column":4},"end":{"line":61,"column":5}},"loc":{"start":{"line":61,"column":24},"end":{"line":71,"column":5}},"line":61},"13":{"name":"(anonymous_13)","decl":{"start":{"line":72,"column":4},"end":{"line":72,"column":5}},"loc":{"start":{"line":72,"column":28},"end":{"line":84,"column":5}},"line":72},"14":{"name":"(anonymous_14)","decl":{"start":{"line":85,"column":4},"end":{"line":85,"column":5}},"loc":{"start":{"line":85,"column":45},"end":{"line":108,"column":5}},"line":85},"15":{"name":"(anonymous_15)","decl":{"start":{"line":87,"column":41},"end":{"line":87,"column":42}},"loc":{"start":{"line":87,"column":62},"end":{"line":100,"column":12}},"line":87},"16":{"name":"(anonymous_16)","decl":{"start":{"line":87,"column":63},"end":{"line":87,"column":64}},"loc":{"start":{"line":87,"column":75},"end":{"line":100,"column":9}},"line":87},"17":{"name":"(anonymous_17)","decl":{"start":{"line":109,"column":4},"end":{"line":109,"column":5}},"loc":{"start":{"line":109,"column":31},"end":{"line":121,"column":5}},"line":109},"18":{"name":"(anonymous_18)","decl":{"start":{"line":110,"column":61},"end":{"line":110,"column":62}},"loc":{"start":{"line":110,"column":71},"end":{"line":110,"column":102}},"line":110},"19":{"name":"(anonymous_19)","decl":{"start":{"line":122,"column":4},"end":{"line":122,"column":5}},"loc":{"start":{"line":122,"column":34},"end":{"line":129,"column":5}},"line":122},"20":{"name":"(anonymous_20)","decl":{"start":{"line":130,"column":4},"end":{"line":130,"column":5}},"loc":{"start":{"line":130,"column":25},"end":{"line":134,"column":5}},"line":130},"21":{"name":"(anonymous_21)","decl":{"start":{"line":135,"column":4},"end":{"line":135,"column":5}},"loc":{"start":{"line":135,"column":24},"end":{"line":139,"column":5}},"line":135},"22":{"name":"(anonymous_22)","decl":{"start":{"line":140,"column":4},"end":{"line":140,"column":5}},"loc":{"start":{"line":140,"column":29},"end":{"line":144,"column":5}},"line":140},"23":{"name":"(anonymous_23)","decl":{"start":{"line":145,"column":4},"end":{"line":145,"column":5}},"loc":{"start":{"line":145,"column":60},"end":{"line":156,"column":5}},"line":145},"24":{"name":"(anonymous_24)","decl":{"start":{"line":157,"column":4},"end":{"line":157,"column":5}},"loc":{"start":{"line":157,"column":42},"end":{"line":181,"column":5}},"line":157},"25":{"name":"(anonymous_25)","decl":{"start":{"line":159,"column":29},"end":{"line":159,"column":30}},"loc":{"start":{"line":159,"column":42},"end":{"line":178,"column":9}},"line":159},"26":{"name":"(anonymous_26)","decl":{"start":{"line":161,"column":31},"end":{"line":161,"column":32}},"loc":{"start":{"line":161,"column":43},"end":{"line":176,"column":17}},"line":161},"27":{"name":"(anonymous_27)","decl":{"start":{"line":182,"column":4},"end":{"line":182,"column":5}},"loc":{"start":{"line":182,"column":45},"end":{"line":192,"column":5}},"line":182},"28":{"name":"(anonymous_28)","decl":{"start":{"line":185,"column":44},"end":{"line":185,"column":45}},"loc":{"start":{"line":185,"column":53},"end":{"line":188,"column":9}},"line":185},"29":{"name":"(anonymous_29)","decl":{"start":{"line":193,"column":4},"end":{"line":193,"column":5}},"loc":{"start":{"line":193,"column":47},"end":{"line":209,"column":5}},"line":193},"30":{"name":"(anonymous_30)","decl":{"start":{"line":200,"column":43},"end":{"line":200,"column":44}},"loc":{"start":{"line":200,"column":53},"end":{"line":200,"column":67}},"line":200},"31":{"name":"(anonymous_31)","decl":{"start":{"line":210,"column":4},"end":{"line":210,"column":5}},"loc":{"start":{"line":210,"column":46},"end":{"line":223,"column":5}},"line":210},"32":{"name":"(anonymous_32)","decl":{"start":{"line":224,"column":4},"end":{"line":224,"column":5}},"loc":{"start":{"line":224,"column":29},"end":{"line":226,"column":5}},"line":224},"33":{"name":"(anonymous_33)","decl":{"start":{"line":227,"column":4},"end":{"line":227,"column":5}},"loc":{"start":{"line":227,"column":24},"end":{"line":243,"column":5}},"line":227},"34":{"name":"(anonymous_34)","decl":{"start":{"line":229,"column":47},"end":{"line":229,"column":48}},"loc":{"start":{"line":229,"column":58},"end":{"line":229,"column":84}},"line":229},"35":{"name":"(anonymous_35)","decl":{"start":{"line":244,"column":4},"end":{"line":244,"column":5}},"loc":{"start":{"line":244,"column":41},"end":{"line":259,"column":5}},"line":244},"36":{"name":"(anonymous_36)","decl":{"start":{"line":250,"column":20},"end":{"line":250,"column":21}},"loc":{"start":{"line":250,"column":30},"end":{"line":250,"column":52}},"line":250},"37":{"name":"(anonymous_37)","decl":{"start":{"line":251,"column":21},"end":{"line":251,"column":22}},"loc":{"start":{"line":251,"column":29},"end":{"line":251,"column":79}},"line":251},"38":{"name":"(anonymous_38)","decl":{"start":{"line":251,"column":50},"end":{"line":251,"column":51}},"loc":{"start":{"line":251,"column":58},"end":{"line":251,"column":78}},"line":251},"39":{"name":"(anonymous_39)","decl":{"start":{"line":252,"column":41},"end":{"line":252,"column":42}},"loc":{"start":{"line":252,"column":49},"end":{"line":252,"column":109}},"line":252},"40":{"name":"(anonymous_40)","decl":{"start":{"line":252,"column":64},"end":{"line":252,"column":65}},"loc":{"start":{"line":252,"column":74},"end":{"line":252,"column":95}},"line":252},"41":{"name":"(anonymous_41)","decl":{"start":{"line":260,"column":4},"end":{"line":260,"column":5}},"loc":{"start":{"line":260,"column":54},"end":{"line":271,"column":5}},"line":260},"42":{"name":"(anonymous_42)","decl":{"start":{"line":262,"column":53},"end":{"line":262,"column":54}},"loc":{"start":{"line":262,"column":64},"end":{"line":262,"column":90}},"line":262},"43":{"name":"(anonymous_43)","decl":{"start":{"line":272,"column":4},"end":{"line":272,"column":5}},"loc":{"start":{"line":272,"column":46},"end":{"line":306,"column":5}},"line":272},"44":{"name":"(anonymous_44)","decl":{"start":{"line":279,"column":51},"end":{"line":279,"column":52}},"loc":{"start":{"line":279,"column":61},"end":{"line":279,"column":82}},"line":279},"45":{"name":"(anonymous_45)","decl":{"start":{"line":307,"column":4},"end":{"line":307,"column":5}},"loc":{"start":{"line":307,"column":20},"end":{"line":310,"column":5}},"line":307},"46":{"name":"(anonymous_46)","decl":{"start":{"line":308,"column":42},"end":{"line":308,"column":43}},"loc":{"start":{"line":308,"column":53},"end":{"line":308,"column":75}},"line":308},"47":{"name":"(anonymous_47)","decl":{"start":{"line":309,"column":34},"end":{"line":309,"column":35}},"loc":{"start":{"line":309,"column":44},"end":{"line":309,"column":64}},"line":309},"48":{"name":"(anonymous_48)","decl":{"start":{"line":311,"column":4},"end":{"line":311,"column":5}},"loc":{"start":{"line":311,"column":25},"end":{"line":322,"column":5}},"line":311},"49":{"name":"(anonymous_49)","decl":{"start":{"line":319,"column":18},"end":{"line":319,"column":19}},"loc":{"start":{"line":319,"column":29},"end":{"line":319,"column":55}},"line":319}},"branchMap":{"0":{"loc":{"start":{"line":2,"column":22},"end":{"line":12,"column":3}},"type":"binary-expr","locations":[{"start":{"line":2,"column":23},"end":{"line":2,"column":27}},{"start":{"line":2,"column":31},"end":{"line":2,"column":51}},{"start":{"line":2,"column":57},"end":{"line":12,"column":2}}],"line":2},"1":{"loc":{"start":{"line":2,"column":57},"end":{"line":12,"column":2}},"type":"cond-expr","locations":[{"start":{"line":2,"column":74},"end":{"line":9,"column":1}},{"start":{"line":9,"column":6},"end":{"line":12,"column":1}}],"line":2},"2":{"loc":{"start":{"line":3,"column":4},"end":{"line":3,"column":33}},"type":"if","locations":[{"start":{"line":3,"column":4},"end":{"line":3,"column":33}},{"start":{"line":3,"column":4},"end":{"line":3,"column":33}}],"line":3},"3":{"loc":{"start":{"line":5,"column":4},"end":{"line":7,"column":5}},"type":"if","locations":[{"start":{"line":5,"column":4},"end":{"line":7,"column":5}},{"start":{"line":5,"column":4},"end":{"line":7,"column":5}}],"line":5},"4":{"loc":{"start":{"line":5,"column":8},"end":{"line":5,"column":85}},"type":"binary-expr","locations":[{"start":{"line":5,"column":8},"end":{"line":5,"column":13}},{"start":{"line":5,"column":18},"end":{"line":5,"column":84}}],"line":5},"5":{"loc":{"start":{"line":5,"column":18},"end":{"line":5,"column":84}},"type":"cond-expr","locations":[{"start":{"line":5,"column":34},"end":{"line":5,"column":47}},{"start":{"line":5,"column":50},"end":{"line":5,"column":84}}],"line":5},"6":{"loc":{"start":{"line":5,"column":50},"end":{"line":5,"column":84}},"type":"binary-expr","locations":[{"start":{"line":5,"column":50},"end":{"line":5,"column":63}},{"start":{"line":5,"column":67},"end":{"line":5,"column":84}}],"line":5},"7":{"loc":{"start":{"line":10,"column":4},"end":{"line":10,"column":33}},"type":"if","locations":[{"start":{"line":10,"column":4},"end":{"line":10,"column":33}},{"start":{"line":10,"column":4},"end":{"line":10,"column":33}}],"line":10},"8":{"loc":{"start":{"line":13,"column":25},"end":{"line":17,"column":2}},"type":"binary-expr","locations":[{"start":{"line":13,"column":26},"end":{"line":13,"column":30}},{"start":{"line":13,"column":34},"end":{"line":13,"column":57}},{"start":{"line":13,"column":63},"end":{"line":17,"column":1}}],"line":13},"9":{"loc":{"start":{"line":13,"column":63},"end":{"line":17,"column":1}},"type":"cond-expr","locations":[{"start":{"line":13,"column":80},"end":{"line":15,"column":1}},{"start":{"line":15,"column":5},"end":{"line":17,"column":1}}],"line":13},"10":{"loc":{"start":{"line":18,"column":19},"end":{"line":24,"column":1}},"type":"binary-expr","locations":[{"start":{"line":18,"column":20},"end":{"line":18,"column":24}},{"start":{"line":18,"column":28},"end":{"line":18,"column":45}},{"start":{"line":18,"column":50},"end":{"line":24,"column":1}}],"line":18},"11":{"loc":{"start":{"line":19,"column":4},"end":{"line":19,"column":42}},"type":"if","locations":[{"start":{"line":19,"column":4},"end":{"line":19,"column":42}},{"start":{"line":19,"column":4},"end":{"line":19,"column":42}}],"line":19},"12":{"loc":{"start":{"line":19,"column":8},"end":{"line":19,"column":29}},"type":"binary-expr","locations":[{"start":{"line":19,"column":8},"end":{"line":19,"column":11}},{"start":{"line":19,"column":15},"end":{"line":19,"column":29}}],"line":19},"13":{"loc":{"start":{"line":21,"column":4},"end":{"line":21,"column":141}},"type":"if","locations":[{"start":{"line":21,"column":4},"end":{"line":21,"column":141}},{"start":{"line":21,"column":4},"end":{"line":21,"column":141}}],"line":21},"14":{"loc":{"start":{"line":21,"column":40},"end":{"line":21,"column":141}},"type":"if","locations":[{"start":{"line":21,"column":40},"end":{"line":21,"column":141}},{"start":{"line":21,"column":40},"end":{"line":21,"column":141}}],"line":21},"15":{"loc":{"start":{"line":21,"column":44},"end":{"line":21,"column":107}},"type":"binary-expr","locations":[{"start":{"line":21,"column":44},"end":{"line":21,"column":59}},{"start":{"line":21,"column":63},"end":{"line":21,"column":107}}],"line":21},"16":{"loc":{"start":{"line":25,"column":22},"end":{"line":27,"column":1}},"type":"binary-expr","locations":[{"start":{"line":25,"column":23},"end":{"line":25,"column":27}},{"start":{"line":25,"column":31},"end":{"line":25,"column":51}},{"start":{"line":25,"column":56},"end":{"line":27,"column":1}}],"line":25},"17":{"loc":{"start":{"line":26,"column":11},"end":{"line":26,"column":61}},"type":"cond-expr","locations":[{"start":{"line":26,"column":37},"end":{"line":26,"column":40}},{"start":{"line":26,"column":43},"end":{"line":26,"column":61}}],"line":26},"18":{"loc":{"start":{"line":26,"column":12},"end":{"line":26,"column":33}},"type":"binary-expr","locations":[{"start":{"line":26,"column":12},"end":{"line":26,"column":15}},{"start":{"line":26,"column":19},"end":{"line":26,"column":33}}],"line":26},"19":{"loc":{"start":{"line":49,"column":8},"end":{"line":51,"column":9}},"type":"if","locations":[{"start":{"line":49,"column":8},"end":{"line":51,"column":9}},{"start":{"line":49,"column":8},"end":{"line":51,"column":9}}],"line":49},"20":{"loc":{"start":{"line":92,"column":12},"end":{"line":99,"column":13}},"type":"if","locations":[{"start":{"line":92,"column":12},"end":{"line":99,"column":13}},{"start":{"line":92,"column":12},"end":{"line":99,"column":13}}],"line":92},"21":{"loc":{"start":{"line":103,"column":12},"end":{"line":106,"column":13}},"type":"if","locations":[{"start":{"line":103,"column":12},"end":{"line":106,"column":13}},{"start":{"line":103,"column":12},"end":{"line":106,"column":13}}],"line":103},"22":{"loc":{"start":{"line":111,"column":8},"end":{"line":113,"column":9}},"type":"if","locations":[{"start":{"line":111,"column":8},"end":{"line":113,"column":9}},{"start":{"line":111,"column":8},"end":{"line":113,"column":9}}],"line":111},"23":{"loc":{"start":{"line":116,"column":8},"end":{"line":118,"column":9}},"type":"if","locations":[{"start":{"line":116,"column":8},"end":{"line":118,"column":9}},{"start":{"line":116,"column":8},"end":{"line":118,"column":9}}],"line":116},"24":{"loc":{"start":{"line":124,"column":8},"end":{"line":126,"column":9}},"type":"if","locations":[{"start":{"line":124,"column":8},"end":{"line":126,"column":9}},{"start":{"line":124,"column":8},"end":{"line":126,"column":9}}],"line":124},"25":{"loc":{"start":{"line":131,"column":8},"end":{"line":133,"column":9}},"type":"if","locations":[{"start":{"line":131,"column":8},"end":{"line":133,"column":9}},{"start":{"line":131,"column":8},"end":{"line":133,"column":9}}],"line":131},"26":{"loc":{"start":{"line":131,"column":12},"end":{"line":131,"column":55}},"type":"binary-expr","locations":[{"start":{"line":131,"column":12},"end":{"line":131,"column":21}},{"start":{"line":131,"column":25},"end":{"line":131,"column":35}},{"start":{"line":131,"column":39},"end":{"line":131,"column":55}}],"line":131},"27":{"loc":{"start":{"line":136,"column":8},"end":{"line":138,"column":9}},"type":"if","locations":[{"start":{"line":136,"column":8},"end":{"line":138,"column":9}},{"start":{"line":136,"column":8},"end":{"line":138,"column":9}}],"line":136},"28":{"loc":{"start":{"line":141,"column":8},"end":{"line":143,"column":9}},"type":"if","locations":[{"start":{"line":141,"column":8},"end":{"line":143,"column":9}},{"start":{"line":141,"column":8},"end":{"line":143,"column":9}}],"line":141},"29":{"loc":{"start":{"line":141,"column":12},"end":{"line":141,"column":119}},"type":"binary-expr","locations":[{"start":{"line":141,"column":12},"end":{"line":141,"column":65}},{"start":{"line":141,"column":69},"end":{"line":141,"column":119}}],"line":141},"30":{"loc":{"start":{"line":160,"column":12},"end":{"line":177,"column":13}},"type":"if","locations":[{"start":{"line":160,"column":12},"end":{"line":177,"column":13}},{"start":{"line":160,"column":12},"end":{"line":177,"column":13}}],"line":160},"31":{"loc":{"start":{"line":160,"column":16},"end":{"line":160,"column":99}},"type":"binary-expr","locations":[{"start":{"line":160,"column":16},"end":{"line":160,"column":25}},{"start":{"line":160,"column":29},"end":{"line":160,"column":63}},{"start":{"line":160,"column":67},"end":{"line":160,"column":99}}],"line":160},"32":{"loc":{"start":{"line":165,"column":24},"end":{"line":167,"column":25}},"type":"if","locations":[{"start":{"line":165,"column":24},"end":{"line":167,"column":25}},{"start":{"line":165,"column":24},"end":{"line":167,"column":25}}],"line":165},"33":{"loc":{"start":{"line":171,"column":24},"end":{"line":172,"column":25}},"type":"if","locations":[{"start":{"line":171,"column":24},"end":{"line":172,"column":25}},{"start":{"line":171,"column":24},"end":{"line":172,"column":25}}],"line":171},"34":{"loc":{"start":{"line":186,"column":12},"end":{"line":187,"column":13}},"type":"if","locations":[{"start":{"line":186,"column":12},"end":{"line":187,"column":13}},{"start":{"line":186,"column":12},"end":{"line":187,"column":13}}],"line":186},"35":{"loc":{"start":{"line":196,"column":8},"end":{"line":201,"column":9}},"type":"if","locations":[{"start":{"line":196,"column":8},"end":{"line":201,"column":9}},{"start":{"line":196,"column":8},"end":{"line":201,"column":9}}],"line":196},"36":{"loc":{"start":{"line":211,"column":8},"end":{"line":213,"column":9}},"type":"if","locations":[{"start":{"line":211,"column":8},"end":{"line":213,"column":9}},{"start":{"line":211,"column":8},"end":{"line":213,"column":9}}],"line":211},"37":{"loc":{"start":{"line":217,"column":8},"end":{"line":219,"column":9}},"type":"if","locations":[{"start":{"line":217,"column":8},"end":{"line":219,"column":9}},{"start":{"line":217,"column":8},"end":{"line":219,"column":9}}],"line":217},"38":{"loc":{"start":{"line":228,"column":8},"end":{"line":233,"column":9}},"type":"if","locations":[{"start":{"line":228,"column":8},"end":{"line":233,"column":9}},{"start":{"line":228,"column":8},"end":{"line":233,"column":9}}],"line":228},"39":{"loc":{"start":{"line":230,"column":12},"end":{"line":232,"column":13}},"type":"if","locations":[{"start":{"line":230,"column":12},"end":{"line":232,"column":13}},{"start":{"line":230,"column":12},"end":{"line":232,"column":13}}],"line":230},"40":{"loc":{"start":{"line":230,"column":16},"end":{"line":230,"column":66}},"type":"binary-expr","locations":[{"start":{"line":230,"column":16},"end":{"line":230,"column":21}},{"start":{"line":230,"column":25},"end":{"line":230,"column":66}}],"line":230},"41":{"loc":{"start":{"line":234,"column":8},"end":{"line":241,"column":9}},"type":"if","locations":[{"start":{"line":234,"column":8},"end":{"line":241,"column":9}},{"start":{"line":234,"column":8},"end":{"line":241,"column":9}}],"line":234},"42":{"loc":{"start":{"line":237,"column":16},"end":{"line":239,"column":17}},"type":"if","locations":[{"start":{"line":237,"column":16},"end":{"line":239,"column":17}},{"start":{"line":237,"column":16},"end":{"line":239,"column":17}}],"line":237},"43":{"loc":{"start":{"line":252,"column":49},"end":{"line":252,"column":109}},"type":"binary-expr","locations":[{"start":{"line":252,"column":49},"end":{"line":252,"column":103}},{"start":{"line":252,"column":107},"end":{"line":252,"column":109}}],"line":252},"44":{"loc":{"start":{"line":254,"column":12},"end":{"line":256,"column":13}},"type":"if","locations":[{"start":{"line":254,"column":12},"end":{"line":256,"column":13}},{"start":{"line":254,"column":12},"end":{"line":256,"column":13}}],"line":254},"45":{"loc":{"start":{"line":263,"column":8},"end":{"line":269,"column":9}},"type":"if","locations":[{"start":{"line":263,"column":8},"end":{"line":269,"column":9}},{"start":{"line":263,"column":8},"end":{"line":269,"column":9}}],"line":263},"46":{"loc":{"start":{"line":265,"column":16},"end":{"line":267,"column":17}},"type":"if","locations":[{"start":{"line":265,"column":16},"end":{"line":267,"column":17}},{"start":{"line":265,"column":16},"end":{"line":267,"column":17}}],"line":265},"47":{"loc":{"start":{"line":278,"column":12},"end":{"line":294,"column":13}},"type":"if","locations":[{"start":{"line":278,"column":12},"end":{"line":294,"column":13}},{"start":{"line":278,"column":12},"end":{"line":294,"column":13}}],"line":278},"48":{"loc":{"start":{"line":280,"column":16},"end":{"line":293,"column":17}},"type":"switch","locations":[{"start":{"line":281,"column":20},"end":{"line":283,"column":30}},{"start":{"line":284,"column":20},"end":{"line":286,"column":30}},{"start":{"line":287,"column":20},"end":{"line":289,"column":30}},{"start":{"line":290,"column":20},"end":{"line":292,"column":30}}],"line":280},"49":{"loc":{"start":{"line":296,"column":8},"end":{"line":298,"column":9}},"type":"if","locations":[{"start":{"line":296,"column":8},"end":{"line":298,"column":9}},{"start":{"line":296,"column":8},"end":{"line":298,"column":9}}],"line":296},"50":{"loc":{"start":{"line":296,"column":12},"end":{"line":296,"column":87}},"type":"binary-expr","locations":[{"start":{"line":296,"column":12},"end":{"line":296,"column":24}},{"start":{"line":296,"column":28},"end":{"line":296,"column":45}},{"start":{"line":296,"column":49},"end":{"line":296,"column":67}},{"start":{"line":296,"column":71},"end":{"line":296,"column":87}}],"line":296},"51":{"loc":{"start":{"line":301,"column":8},"end":{"line":303,"column":9}},"type":"if","locations":[{"start":{"line":301,"column":8},"end":{"line":303,"column":9}},{"start":{"line":301,"column":8},"end":{"line":303,"column":9}}],"line":301},"52":{"loc":{"start":{"line":312,"column":8},"end":{"line":314,"column":9}},"type":"if","locations":[{"start":{"line":312,"column":8},"end":{"line":314,"column":9}},{"start":{"line":312,"column":8},"end":{"line":314,"column":9}}],"line":312},"53":{"loc":{"start":{"line":315,"column":8},"end":{"line":317,"column":9}},"type":"if","locations":[{"start":{"line":315,"column":8},"end":{"line":317,"column":9}},{"start":{"line":315,"column":8},"end":{"line":317,"column":9}}],"line":315}},"s":{"0":1,"1":0,"2":0,"3":0,"4":0,"5":0,"6":0,"7":0,"8":0,"9":0,"10":0,"11":1,"12":0,"13":0,"14":1,"15":1,"16":1,"17":0,"18":0,"19":0,"20":0,"21":0,"22":0,"23":0,"24":1,"25":5,"26":1,"27":1,"28":1,"29":1,"30":1,"31":1,"32":1,"33":1,"34":61,"35":61,"36":61,"37":52,"38":52,"39":167,"40":44,"41":44,"42":44,"43":0,"44":40,"45":40,"46":67,"47":27,"48":27,"49":27,"50":16,"51":16,"52":16,"53":16,"54":27,"55":102,"56":102,"57":102,"58":102,"59":102,"60":40,"61":40,"62":62,"63":52,"64":52,"65":16,"66":16,"67":16,"68":16,"69":16,"70":16,"71":14,"72":14,"73":2,"74":2,"75":52,"76":52,"77":52,"78":16,"79":13,"80":13,"81":8,"82":6505,"83":8,"84":1,"85":7,"86":7,"87":7,"88":0,"89":7,"90":7,"91":58,"92":58,"93":0,"94":58,"95":58,"96":70,"97":5,"98":65,"99":11,"100":52,"101":0,"102":40,"103":40,"104":40,"105":40,"106":40,"107":40,"108":0,"109":58,"110":58,"111":23908,"112":23858,"113":23858,"114":23858,"115":23858,"116":23854,"117":31,"118":23823,"119":35,"120":35,"121":35,"122":58,"123":58,"124":10,"125":10,"126":10,"127":10,"128":10,"129":10,"130":10,"131":50,"132":50,"133":50,"134":40,"135":10,"136":14,"137":50,"138":50,"139":50,"140":0,"141":7,"142":0,"143":7,"144":7,"145":7,"146":7,"147":0,"148":7,"149":7,"150":7,"151":7,"152":6853,"153":7,"154":28,"155":7,"156":7,"157":6846,"158":3458,"159":6846,"160":6846,"161":63,"162":6783,"163":7,"164":7,"165":1043,"166":518,"167":5698,"168":7,"169":2590,"170":2590,"171":7,"172":14,"173":0,"174":7,"175":7,"176":7,"177":28,"178":7,"179":7,"180":1043,"181":518,"182":7,"183":518,"184":5698,"185":2590,"186":2590,"187":2590,"188":518,"189":518,"190":518,"191":518,"192":518,"193":518,"194":518,"195":518,"196":518,"197":0,"198":518,"199":518,"200":518,"201":0,"202":518,"203":518,"204":518,"205":1036,"206":518,"207":518,"208":4662,"209":0,"210":4662,"211":2590,"212":2072,"213":3108,"214":1},"f":{"0":0,"1":0,"2":0,"3":0,"4":0,"5":1,"6":5,"7":52,"8":167,"9":44,"10":40,"11":67,"12":27,"13":102,"14":52,"15":16,"16":16,"17":8,"18":6505,"19":58,"20":70,"21":65,"22":52,"23":40,"24":58,"25":23908,"26":23858,"27":10,"28":10,"29":50,"30":14,"31":7,"32":7,"33":6853,"34":28,"35":7,"36":1043,"37":518,"38":5698,"39":2590,"40":2590,"41":7,"42":28,"43":518,"44":2590,"45":518,"46":1036,"47":518,"48":4662,"49":3108},"b":{"0":[1,1,1],"1":[1,0],"2":[0,0],"3":[0,0],"4":[0,0],"5":[0,0],"6":[0,0],"7":[0,0],"8":[1,1,1],"9":[1,0],"10":[1,1,1],"11":[1,0],"12":[1,1],"13":[0,0],"14":[0,0],"15":[0,0],"16":[1,1,1],"17":[2,3],"18":[5,5],"19":[44,0],"20":[14,2],"21":[13,3],"22":[1,7],"23":[0,7],"24":[0,58],"25":[5,65],"26":[70,67,66],"27":[11,54],"28":[0,52],"29":[52,6],"30":[23858,50],"31":[23908,23908,23858],"32":[31,23823],"33":[35,0],"34":[0,10],"35":[40,10],"36":[0,7],"37":[0,7],"38":[7,6846],"39":[7,0],"40":[7,7],"41":[3458,3388],"42":[63,6783],"43":[2590,0],"44":[0,14],"45":[7,0],"46":[518,525],"47":[2590,3108],"48":[518,518,518,518],"49":[0,518],"50":[518,518,518,518],"51":[0,518],"52":[0,4662],"53":[2590,2072]},"inputSourceMap":{"version":3,"file":"/Users/huangjiakang/Desktop/CPSC310/project_team051/src/controller/DatasetManager.ts","sources":["/Users/huangjiakang/Desktop/CPSC310/project_team051/src/controller/DatasetManager.ts"],"names":[],"mappings":";;;;;;;;;;;;;;;;;;;;;;;;;;;;AAAA,kDAA0B;AAC1B,wDAA0B;AAC1B,0DAA6B;AAC7B,wDAAgC;AAChC,kDAA0B;AAC1B,qDAAoF;AACpF,+CAAiC;AAIjC,MAAqB,cAAc;IAC1B,eAAe,GAAgC,IAAI,GAAG,EAA0B,CAAC;IACjF,aAAa,GAA8C,IAAI,GAAG,EAAwC,CAAC;IAC3G,UAAU,GAAG,mBAAI,CAAC,IAAI,CAAC,SAAS,EAAE,YAAY,CAAC,CAAC;IAEjD,KAAK,CAAC,UAAU;QACtB,MAAM,WAAW,GAAG,MAAM,IAAI,CAAC,eAAe,EAAE,CAAC;QACjD,MAAM,IAAI,CAAC,qBAAqB,CAAC,WAAW,CAAC,CAAC;IAC/C,CAAC;IAEM,WAAW;QACjB,OAAO,IAAI,CAAC,eAAe,CAAC;IAC7B,CAAC;IAEM,OAAO,CAAC,EAAU;QACxB,MAAM,aAAa,GAAG,IAAI,CAAC,aAAa,CAAC,GAAG,CAAC,EAAE,CAAC,CAAC;QACjD,IAAI,aAAa,EAAE;YAClB,OAAO,aAAa,CAAC,CAAC,CAAC,CAAC;SACxB;QACD,OAAO,SAAS,CAAC;IAClB,CAAC;IAGM,cAAc,CAAC,EAAU,EAAE,IAAwB,EAAE,OAAuB;QAClF,IAAI,CAAC,eAAe,CAAC,GAAG,CAAC,EAAE,EAAE,OAAO,CAAC,CAAC;QACtC,IAAI,CAAC,aAAa,CAAC,GAAG,CAAC,EAAE,EAAE,CAAC,IAAI,EAAE,OAAO,CAAC,MAAM,CAAC,CAAC,CAAC;IACpD,CAAC;IAGM,aAAa;QACnB,OAAO,KAAK,CAAC,IAAI,CAAC,IAAI,CAAC,eAAe,CAAC,IAAI,EAAE,CAAC,CAAC;IAChD,CAAC;IAEM,iBAAiB;QACvB,MAAM,eAAe,GAAqB,EAAE,CAAC;QAC7C,MAAM,GAAG,GAAa,IAAI,CAAC,aAAa,EAAE,CAAC;QAC3C,KAAK,MAAM,EAAE,IAAI,GAAG,EAAE;YACrB,MAAM,aAAa,GAA6C,IAAI,CAAC,aAAa,CAAC,GAAG,CAAC,EAAE,CAAC,CAAC;YAC3F,MAAM,IAAI,GAAuB,aAAc,CAAC,CAAC,CAAC,CAAC;YACnD,MAAM,OAAO,GAAW,aAAc,CAAC,CAAC,CAAC,CAAC;YAC1C,eAAe,CAAC,IAAI,CAAC,EAAE,EAAE,EAAE,IAAI,EAAE,OAAO,EAAE,CAAC,CAAC;SAC5C;QACD,OAAO,eAAe,CAAC;IACxB,CAAC;IAEM,KAAK,CAAC,eAAe;QAC3B,IAAI,UAAU,GAA6C,EAAE,CAAC;QAC9D,IAAI;YACH,MAAM,kBAAE,CAAC,SAAS,CAAC,mBAAI,CAAC,IAAI,CAAC,SAAS,EAAE,YAAY,CAAC,CAAC,CAAC;YACvD,MAAM,UAAU,GAAG,mBAAI,CAAC,IAAI,CAAC,SAAS,EAAE,wBAAwB,CAAC,CAAC;YAClE,MAAM,WAAW,GAAG,MAAM,kBAAE,CAAC,QAAQ,CAAC,UAAU,EAAE,MAAM,CAAC,CAAC;YAC1D,UAAU,GAAG,IAAI,CAAC,KAAK,CAAC,WAAW,CAAC,CAAC;YACrC,OAAO,UAAU,CAAC;SAClB;QAAC,OAAO,CAAC,EAAE;YACX,OAAO,UAAU,CAAC;SAClB;IACF,CAAC;IAEM,KAAK,CAAC,qBAAqB,CAAC,WAAqD;QACvF,MAAM,kBAAE,CAAC,SAAS,CAAC,IAAI,CAAC,UAAU,CAAC,CAAC;QACpC,MAAM,QAAQ,GAA8B,WAAW,CAAC,GAAG,CAAC,KAAK,EAAE,SAAS,EAAE,EAAE,CAC/E,CAAC,KAAK,IAA6B,EAAE;YACpC,MAAM,GAAG,GAAG,IAAI,eAAK,EAAE,CAAC;YACxB,MAAM,MAAM,GAAG,MAAM,kBAAE,CAAC,QAAQ,CAAC,mBAAI,CAAC,IAAI,CAAC,IAAI,CAAC,UAAU,EAAE,GAAG,SAAS,CAAC,CAAC,CAAC,MAAM,CAAC,CAAC,CAAC;YACpF,MAAM,OAAO,GAAG,MAAM,CAAC,QAAQ,CAAC,QAAQ,CAAC,CAAC;YAC1C,MAAM,QAAQ,GAAG,MAAM,GAAG,CAAC,SAAS,CAAC,OAAO,EAAE,EAAE,MAAM,EAAE,IAAI,EAAE,CAAC,CAAC;YAChE,IAAI,SAAS,CAAC,CAAC,CAAC,CAAC,CAAC,CAAC,KAAK,mCAAkB,CAAC,QAAQ,EAAE;gBACpD,MAAM,QAAQ,GAAG,MAAM,IAAI,CAAC,aAAa,CAAC,QAAQ,CAAC,CAAC;gBACpD,OAAO,QAAQ,CAAC;aAChB;iBAAM;gBACN,MAAM,KAAK,GAAG,MAAM,IAAI,CAAC,UAAU,CAAC,QAAQ,CAAC,CAAC;gBAC9C,OAAO,KAAK,CAAC;aACb;QACF,CAAC,CAAC,EAAE,CACJ,CAAC;QACF,MAAM,oBAAoB,GAAqB,MAAM,OAAO,CAAC,GAAG,CAAC,QAAQ,CAAC,CAAC;QAC3E,KAAK,IAAI,CAAC,GAAG,CAAC,EAAE,CAAC,GAAG,WAAW,CAAC,MAAM,EAAE,CAAC,EAAE,EAAE;YAC5C,IAAI,CAAC,IAAI,CAAC,eAAe,CAAC,GAAG,CAAC,WAAW,CAAC,CAAC,CAAC,CAAC,CAAC,CAAC,CAAC,EAAE;gBAEjD,IAAI,CAAC,eAAe,CAAC,GAAG,CAAC,WAAW,CAAC,CAAC,CAAC,CAAC,CAAC,CAAC,EAAE,oBAAoB,CAAC,CAAC,CAAC,CAAC,CAAC;gBACrE,IAAI,CAAC,aAAa,CAAC,GAAG,CAAC,WAAW,CAAC,CAAC,CAAC,CAAC,CAAC,CAAC,EAAE,CAAC,WAAW,CAAC,CAAC,CAAC,CAAC,CAAC,CAAC,CAAC,CAAC,CAAC,EAAE,WAAW,CAAC,CAAC,CAAC,CAAC,CAAC,CAAC,CAAC,CAAC,CAAC,CAAC,CAAC,CAAC;aACxF;SACD;IACF,CAAC;IAEM,KAAK,CAAC,UAAU,CAAC,QAAe;QACtC,MAAM,SAAS,GAAG,MAAM,CAAC,MAAM,CAAC,QAAQ,CAAC,KAAK,CAAC,CAAC,IAAI,CAAC,CAAC,IAAI,EAAE,EAAE,CAAC,IAAI,CAAC,IAAI,CAAC,QAAQ,CAAC,WAAW,CAAC,CAAC,CAAC;QAChG,IAAI,CAAC,SAAS,EAAE;YACf,MAAM,IAAI,6BAAY,CAAC,0BAA0B,CAAC,CAAC;SACnD;QAED,MAAM,UAAU,GAAG,SAAS,CAAC,IAAI,CAAC,SAAS,CAAC,CAAC,EAAE,SAAS,CAAC,IAAI,CAAC,WAAW,CAAC,GAAG,CAAC,GAAG,CAAC,CAAC,CAAC;QAEpF,MAAM,MAAM,GAAG,QAAQ,CAAC,MAAM,CAAC,UAAU,CAAC,CAAC;QAC3C,IAAI,CAAC,MAAM,EAAE;YACZ,MAAM,IAAI,6BAAY,CAAC,qBAAqB,UAAU,EAAE,CAAC,CAAC;SAC1D;QAED,MAAM,KAAK,GAAG,MAAM,IAAI,CAAC,cAAc,CAAC,MAAM,EAAE,SAAS,CAAC,CAAC;QAC3D,OAAO,KAAK,CAAC;IACd,CAAC;IAEM,KAAK,CAAC,aAAa,CAAC,QAAe;QACzC,MAAM,YAAY,GAAG,QAAQ,CAAC,MAAM,CAAC,UAAU,CAAC,CAAC;QACjD,IAAI,YAAY,KAAK,IAAI,EAAE;YAC1B,MAAM,IAAI,KAAK,CAAC,yCAAyC,CAAC,CAAC;SAC3D;QACD,MAAM,QAAQ,GAAG,MAAM,IAAI,CAAC,iBAAiB,CAAC,YAAY,CAAC,CAAC;QAC5D,OAAO,QAAQ,CAAC;IACjB,CAAC;IAEM,KAAK,CAAC,UAAU,CAAC,EAAU;QACjC,IAAI,EAAE,KAAK,EAAE,IAAI,EAAE,KAAK,GAAG,IAAI,EAAE,CAAC,QAAQ,CAAC,GAAG,CAAC,EAAE;YAChD,MAAM,IAAI,6BAAY,CAAC,mBAAmB,CAAC,CAAC;SAC5C;IACF,CAAC;IAEM,KAAK,CAAC,SAAS,CAAC,EAAU;QAChC,IAAI,IAAI,CAAC,eAAe,CAAC,GAAG,CAAC,EAAE,CAAC,EAAE;YACjC,MAAM,IAAI,6BAAY,CAAC,YAAY,CAAC,CAAC;SACrC;IACF,CAAC;IAEM,KAAK,CAAC,YAAY,CAAC,IAAwB;QACjD,IAAI,IAAI,KAAK,mCAAkB,CAAC,QAAQ,IAAI,IAAI,KAAK,mCAAkB,CAAC,KAAK,EAAE;YAC9E,MAAM,IAAI,6BAAY,CAAC,cAAc,CAAC,CAAC;SACvC;IACF,CAAC;IAEM,KAAK,CAAC,iBAAiB,CAC7B,EAAU,EACV,IAAwB,EACxB,MAAc,EACd,YAAmB;QAEnB,IAAI;YACH,MAAM,kBAAE,CAAC,SAAS,CAAC,IAAI,CAAC,UAAU,CAAC,CAAC;YACpC,MAAM,QAAQ,GAAG,mBAAI,CAAC,IAAI,CAAC,IAAI,CAAC,UAAU,EAAE,GAAG,EAAE,MAAM,CAAC,CAAC;YACzD,MAAM,UAAU,GAAG,MAAM,YAAY,CAAC,aAAa,CAAC,EAAE,IAAI,EAAE,YAAY,EAAE,CAAC,CAAC;YAC5E,MAAM,IAAI,CAAC,kBAAkB,CAAC,EAAE,EAAE,IAAI,EAAE,MAAM,CAAC,CAAC;YAChD,MAAM,kBAAE,CAAC,SAAS,CAAC,QAAQ,EAAE,UAAU,CAAC,CAAC;SACzC;QAAC,OAAO,CAAC,EAAE;YACX,MAAM,IAAI,6BAAY,CAAC,0BAA0B,CAAC,CAAC;SACnD;IACF,CAAC;IAEM,KAAK,CAAC,iBAAiB,CAAC,YAAmB;QACjD,MAAM,QAAQ,GAAyB,EAAE,CAAC;QAC1C,YAAY,CAAC,OAAO,CAAC,CAAC,CAAC,EAAE,IAAuB,EAAE,EAAE;YACnD,IAAI,CAAC,IAAI,CAAC,GAAG,IAAI,CAAC,IAAI,CAAC,IAAI,CAAC,UAAU,CAAC,WAAW,CAAC,IAAI,IAAI,CAAC,IAAI,CAAC,UAAU,CAAC,UAAU,CAAC,EAAE;gBACxF,QAAQ,CAAC,IAAI,CACZ,CAAC,KAAK,IAAwB,EAAE;oBAC/B,IAAI;wBACH,MAAM,WAAW,GAAG,MAAM,IAAI,CAAC,KAAK,CAAC,QAAQ,CAAC,CAAC;wBAC/C,MAAM,UAAU,GAAG,IAAI,CAAC,KAAK,CAAC,WAAW,CAAC,CAAC;wBAC3C,IAAI,UAAU,CAAC,MAAM,KAAK,SAAS,EAAE;4BACpC,MAAM,IAAI,6BAAY,CAAC,qBAAqB,CAAC,CAAC;yBAC9C;wBAED,OAAO,iBAAO,CAAC,kBAAkB,CAAC,UAAU,CAAC,MAAM,CAAC,CAAC;qBACrD;oBAAC,OAAO,GAAG,EAAE;wBAEb,IAAI,GAAG,EAAE;yBAER;wBACD,MAAM,KAAK,GAAc,EAAE,CAAC;wBAC5B,OAAO,OAAO,CAAC,OAAO,CAAC,KAAK,CAAC,CAAC;qBAC9B;gBACF,CAAC,CAAC,EAAE,CACJ,CAAC;aACF;QACF,CAAC,CAAC,CAAC;QACH,MAAM,aAAa,GAAG,MAAM,OAAO,CAAC,GAAG,CAAC,QAAQ,CAAC,CAAC;QAClD,OAAO,aAAa,CAAC,IAAI,EAAE,CAAC;IAC7B,CAAC;IAEM,KAAK,CAAC,8BAA8B,CAAC,EAAU;QACrD,MAAM,kBAAE,CAAC,SAAS,CAAC,IAAI,CAAC,UAAU,CAAC,CAAC;QACpC,MAAM,QAAQ,GAAG,mBAAI,CAAC,IAAI,CAAC,IAAI,CAAC,UAAU,EAAE,GAAG,EAAE,MAAM,CAAC,CAAC;QACzD,kBAAE,CAAC,MAAM,CAAC,QAAQ,EAAE,CAAC,GAAG,EAAE,EAAE;YAC3B,IAAI,GAAG,EAAE;aAER;QACF,CAAC,CAAC,CAAC;QACH,MAAM,IAAI,CAAC,kBAAkB,CAAC,EAAE,EAAE,IAAI,EAAE,CAAC,CAAC,CAAC,CAAC;QAC5C,IAAI,CAAC,aAAa,CAAC,MAAM,CAAC,EAAE,CAAC,CAAC;QAC9B,IAAI,CAAC,eAAe,CAAC,MAAM,CAAC,EAAE,CAAC,CAAC;IACjC,CAAC;IAEO,KAAK,CAAC,kBAAkB,CAAC,EAAU,EAAE,IAA+B,EAAE,MAAc;QAC3F,MAAM,QAAQ,GAAG,mBAAI,CAAC,IAAI,CAAC,SAAS,EAAE,wBAAwB,CAAC,CAAC;QAChE,IAAI,UAAU,GAA6C,MAAM,IAAI,CAAC,eAAe,EAAE,CAAC;QACxF,IAAI,IAAI,KAAK,IAAI,EAAE;YAClB,UAAU,CAAC,IAAI,CAAC,CAAC,EAAE,EAAE,CAAC,IAAI,EAAE,MAAM,CAAC,CAAC,CAAC,CAAC;SACtC;aAAM;YACN,UAAU,GAAG,UAAU,CAAC,MAAM,CAAC,CAAC,IAAI,EAAE,EAAE,CAAC,IAAI,CAAC,CAAC,CAAC,KAAK,EAAE,CAAC,CAAC;SACzD;QAED,IAAI;YACH,MAAM,GAAG,GAAG,CAAC,CAAC;YACd,MAAM,kBAAE,CAAC,SAAS,CAAC,QAAQ,EAAE,IAAI,CAAC,SAAS,CAAC,UAAU,EAAE,IAAI,EAAE,GAAG,CAAC,EAAE,MAAM,CAAC,CAAC;SAC5E;QAAC,OAAO,CAAC,EAAE;YACX,MAAM,IAAI,6BAAY,CAAC,8BAA8B,CAAC,CAAC;SACvD;IACF,CAAC;IAEM,KAAK,CAAC,cAAc,CAAC,QAAe,EAAE,SAAwC;QACpF,IAAI,SAAS,KAAK,SAAS,EAAE;YAC5B,OAAO,OAAO,CAAC,OAAO,CAAC,EAAE,CAAC,CAAC;SAC3B;QACD,MAAM,YAAY,GAAG,MAAM,SAAS,CAAC,KAAK,CAAC,QAAQ,CAAC,CAAC;QACrD,MAAM,WAAW,GAAG,MAAM,CAAC,KAAK,CAAC,YAAY,CAAC,CAAC;QAE/C,MAAM,cAAc,GAAG,IAAI,CAAC,cAAc,CAAC,WAAW,CAAC,CAAC;QACxD,IAAI,cAAc,KAAK,IAAI,EAAE;YAC5B,MAAM,IAAI,6BAAY,CAAC,mBAAmB,CAAC,CAAC;SAC5C;QAED,MAAM,QAAQ,GAAsB,IAAI,CAAC,uBAAuB,CAAC,cAAc,EAAE,QAAQ,CAAC,CAAC;QAG3F,MAAM,SAAS,GAAG,CAAC,MAAM,OAAO,CAAC,GAAG,CAAC,QAAQ,CAAC,CAAC,CAA
[...]
,CAAC,CAAC,CAAC,CAAC,CAAC;aACzB;SACD;QACD,MAAM,IAAI,6BAAY,CAAC,4CAA4C,CAAC,CAAC;IACtE,CAAC;IAEO,YAAY,CAAC,IAAY,EAAE,KAAU;QAC5C,IAAI,MAAM,CAAC,IAAI,CAAC,KAAK,CAAC,CAAC,MAAM,KAAK,CAAC,EAAE;YACpC,OAAO,IAAI,CAAC;SACZ;QACD,MAAM,cAAc,GAAG,IAAI,CAAC,oBAAoB,CAAC,KAAK,CAAC,CAAC;QACxD,OAAO,IAAI,CAAC,MAAM,CAAC,cAAc,CAAC,CAAC;IACpC,CAAC;IAEO,oBAAoB,CAAC,KAAU;QACtC,IAAI,KAAK,CAAC,GAAG,EAAE;YACd,OAAO,IAAI,CAAC,SAAS,CAAC,KAAK,CAAC,GAAG,CAAC,CAAC;SACjC;QACD,IAAI,KAAK,CAAC,EAAE,EAAE;YACb,OAAO,IAAI,CAAC,QAAQ,CAAC,KAAK,CAAC,EAAE,CAAC,CAAC;SAC/B;QACD,IAAI,KAAK,CAAC,GAAG,EAAE;YACd,OAAO,IAAI,CAAC,SAAS,CAAC,KAAK,CAAC,GAAG,CAAC,CAAC;SACjC;QACD,IAAI,KAAK,CAAC,EAAE,IAAI,KAAK,CAAC,EAAE,IAAI,KAAK,CAAC,EAAE,EAAE;YACrC,OAAO,IAAI,CAAC,gBAAgB,CAAC,KAAK,CAAC,CAAC;SACpC;QACD,IAAI,KAAK,CAAC,EAAE,EAAE;YACb,OAAO,IAAI,CAAC,QAAQ,CAAC,KAAK,CAAC,EAAE,CAAC,CAAC;SAC/B;QACD,MAAM,IAAI,6BAAY,CAAC,0BAA0B,CAAC,CAAC;IACpD,CAAC;IAEO,SAAS,CAAC,aAAoB;QACrC,MAAM,UAAU,GAAG,aAAa,CAAC,GAAG,CAAC,CAAC,SAAS,EAAE,EAAE,CAAC,IAAI,CAAC,oBAAoB,CAAC,SAAS,CAAC,CAAC,CAAC;QAC1F,OAAO,CAAC,IAAU,EAAE,EAAE,CAAC,UAAU,CAAC,KAAK,CAAC,CAAC,UAAU,EAAE,EAAE,CAAC,UAAU,CAAC,IAAI,CAAC,CAAC,CAAC;IAC3E,CAAC;IAEO,QAAQ,CAAC,YAAmB;QACnC,MAAM,UAAU,GAAG,YAAY,CAAC,GAAG,CAAC,CAAC,SAAS,EAAE,EAAE,CAAC,IAAI,CAAC,oBAAoB,CAAC,SAAS,CAAC,CAAC,CAAC;QACzF,OAAO,CAAC,IAAU,EAAE,EAAE,CAAC,UAAU,CAAC,IAAI,CAAC,CAAC,UAAU,EAAE,EAAE,CAAC,UAAU,CAAC,IAAI,CAAC,CAAC,CAAC;IAC1E,CAAC;IAEO,SAAS,CAAC,YAAiB;QAClC,MAAM,SAAS,GAAG,IAAI,CAAC,oBAAoB,CAAC,YAAY,CAAC,CAAC;QAC1D,OAAO,CAAC,IAAU,EAAE,EAAE,CAAC,CAAC,SAAS,CAAC,IAAI,CAAC,CAAC;IACzC,CAAC;IAEO,gBAAgB,CAAC,KAAU;QAClC,MAAM,QAAQ,GAAG,KAAK,CAAC,EAAE,CAAC,CAAC,CAAC,IAAI,CAAC,CAAC,CAAC,KAAK,CAAC,EAAE,CAAC,CAAC,CAAC,IAAI,CAAC,CAAC,CAAC,IAAI,CAAC;QAC1D,MAAM,UAAU,GAAG,KAAK,CAAC,QAAQ,CAAC,CAAC;QACnC,MAAM,GAAG,GAAG,MAAM,CAAC,IAAI,CAAC,UAAU,CAAC,CAAC,CAAC,CAAC,CAAC;QACvC,MAAM,KAAK,GAAG,UAAU,CAAC,GAAG,CAAC,CAAC;QAE9B,MAAM,EAAE,GAAG,GAAG,CAAC,KAAK,CAAC,GAAG,CAAC,CAAC,CAAC,CAAC,CAAC;QAC7B,IAAI,EAAE,KAAK,IAAI,CAAC,SAAS,EAAE;YAC1B,MAAM,IAAI,6BAAY,CAAC,kCAAkC,GAAG,EAAE,CAAC,CAAC;SAChE;QAED,OAAO,CAAC,IAAU,EAAE,EAAE;YACrB,MAAM,SAAS,GAAG,IAAI,CAAC,aAAa,CAAC,IAAI,EAAE,GAAG,CAAC,CAAC;YAEhD,IAAI,OAAO,SAAS,KAAK,QAAQ,IAAI,OAAO,KAAK,KAAK,QAAQ,EAAE;gBAC/D,MAAM,IAAI,6BAAY,CAAC,qCAAqC,CAAC,CAAC;aAC9D;YAED,IAAI,QAAQ,KAAK,IAAI,EAAE;gBACtB,OAAO,SAAS,GAAG,KAAK,CAAC;aACzB;YACD,IAAI,QAAQ,KAAK,IAAI,EAAE;gBACtB,OAAO,SAAS,GAAG,KAAK,CAAC;aACzB;YACD,OAAO,SAAS,KAAK,KAAK,CAAC;QAC5B,CAAC,CAAC;IACH,CAAC;IAEO,QAAQ,CAAC,WAAgB;QAChC,MAAM,GAAG,GAAG,MAAM,CAAC,IAAI,CAAC,WAAW,CAAC,CAAC,CAAC,CAAC,CAAC;QACxC,MAAM,KAAK,GAAG,WAAW,CAAC,GAAG,CAAC,CAAC;QAE/B,MAAM,EAAE,GAAG,GAAG,CAAC,KAAK,CAAC,GAAG,CAAC,CAAC,CAAC,CAAC,CAAC;QAC7B,IAAI,EAAE,KAAK,IAAI,CAAC,SAAS,EAAE;YAC1B,MAAM,IAAI,6BAAY,CAAC,kCAAkC,GAAG,EAAE,CAAC,CAAC;SAChE;QAED,IAAI,OAAO,KAAK,KAAK,QAAQ,EAAE;YAC9B,MAAM,IAAI,6BAAY,CAAC,sCAAsC,CAAC,CAAC;SAC/D;QAED,IAAI,IAAI,CAAC,yBAAyB,CAAC,KAAK,CAAC,EAAE;YAC1C,MAAM,IAAI,6BAAY,CAAC,0CAA0C,CAAC,CAAC;SACnE;QAED,MAAM,YAAY,GAAG,IAAI,CAAC,iBAAiB,CAAC,KAAK,CAAC,CAAC;QACnD,MAAM,KAAK,GAAG,IAAI,MAAM,CAAC,YAAY,CAAC,CAAC;QAEvC,OAAO,CAAC,IAAU,EAAE,EAAE;YACrB,MAAM,SAAS,GAAG,IAAI,CAAC,aAAa,CAAC,IAAI,EAAE,GAAG,CAAC,CAAC;YAEhD,IAAI,OAAO,SAAS,KAAK,QAAQ,EAAE;gBAClC,MAAM,IAAI,6BAAY,CAAC,qCAAqC,CAAC,CAAC;aAC9D;YAED,OAAO,KAAK,CAAC,IAAI,CAAC,SAAS,CAAC,CAAC;QAC9B,CAAC,CAAC;IACH,CAAC;IAEO,yBAAyB,CAAC,KAAa;QAC9C,MAAM,UAAU,GAAG,KAAK,CAAC,OAAO,CAAC,GAAG,CAAC,CAAC;QACtC,MAAM,SAAS,GAAG,KAAK,CAAC,WAAW,CAAC,GAAG,CAAC,CAAC;QACzC,OAAO,UAAU,KAAK,CAAC,IAAI,SAAS,KAAK,KAAK,CAAC,MAAM,GAAG,CAAC,CAAC;IAC3D,CAAC;IAEO,iBAAiB,CAAC,KAAa;QACtC,MAAM,YAAY,GAAG,oBAAoB,CAAC;QAC1C,MAAM,YAAY,GAAG,KAAK,CAAC,OAAO,CAAC,YAAY,EAAE,MAAM,CAAC,CAAC;QACzD,OAAO,IAAI,YAAY,CAAC,OAAO,CAAC,KAAK,EAAE,IAAI,CAAC,GAAG,CAAC;IACjD,CAAC;IAEO,aAAa,CAAC,IAA0B,EAAE,GAAW;QAC5D,IAAI,CAAC,CAAC,IAAI,YAAY,cAAI,CAAC,EAAE;YAC5B,OAAO,IAAI,CAAC,GAAG,CAAC,CAAC;SACjB;QAED,MAAM,CAAC,EAAE,EAAE,KAAK,CAAC,GAAG,GAAG,CAAC,KAAK,CAAC,GAAG,CAAC,CAAC;QACnC,IAAI,EAAE,KAAK,IAAI,CAAC,SAAS,EAAE;YAC1B,MAAM,IAAI,6BAAY,CAAC,kCAAkC,GAAG,EAAE,CAAC,CAAC;SAChE;QAED,QAAQ,KAAK,EAAE;YACd,KAAK,UAAU;gBACd,OAAO,MAAM,CAAC,IAAI,CAAC,WAAW,EAAE,CAAC,CAAC;YACnC,KAAK,WAAW;gBACf,OAAO,MAAM,CAAC,IAAI,CAAC,YAAY,EAAE,CAAC,CAAC;YACpC,KAAK,QAAQ;gBACZ,OAAO,MAAM,CAAC,IAAI,CAAC,SAAS,EAAE,CAAC,CAAC;YACjC,KAAK,MAAM;gBACV,OAAO,MAAM,CAAC,IAAI,CAAC,OAAO,EAAE,CAAC,CAAC;YAC/B,KAAK,SAAS;gBACb,OAAO,MAAM,CAAC,IAAI,CAAC,UAAU,EAAE,CAAC,CAAC;YAClC,KAAK,MAAM;gBACV,OAAO,MAAM,CAAC,IAAI,CAAC,OAAO,EAAE,CAAC,CAAC;YAC/B,KAAK,WAAW;gBACf,OAAO,MAAM,CAAC,IAAI,CAAC,YAAY,EAAE,CAAC,CAAC;YACpC,KAAK,OAAO;gBACX,OAAO,IAAI,CAAC,QAAQ,EAAE,CAAC;YACxB,KAAK,KAAK;gBACT,OAAO,IAAI,CAAC,MAAM,EAAE,CAAC;YACtB,KAAK,KAAK;gBACT,OAAO,IAAI,CAAC,MAAM,EAAE,CAAC;YACtB;gBACC,MAAM,IAAI,6BAAY,CAAC,mBAAmB,GAAG,EAAE,CAAC,CAAC;SAClD;IACF,CAAC;IAEO,oBAAoB,CAAC,IAAY,EAAE,eAAoB;QAC9D,MAAM,SAAS,GAAG,eAAe,CAAC,KAAK,CAAC;QACxC,MAAM,WAAW,GAAG,IAAI,CAAC,OAAO,CAAC,IAAI,EAAE,SAAS,CAAC,CAAC;QAClD,OAAO,IAAI,CAAC,iBAAiB,CAAC,WAAW,EAAE,eAAe,CAAC,KAAK,EAAE,SAAS,CAAC,CAAC;IAC9E,CAAC;IAEO,OAAO,CAAC,IAAY,EAAE,SAAmB;QAChD,MAAM,WAAW,GAAG,IAAI,GAAG,EAAkB,CAAC;QAE9C,IAAI,CAAC,OAAO,CAAC,CAAC,IAAI,EAAE,EAAE;YACrB,MAAM,QAAQ,GAAG,SAAS,CAAC,GAAG,CAAC,CAAC,GAAG,EAAE,EAAE,CAAC,IAAI,CAAC,aAAa,CAAC,IAAI,EAAE,GAAG,CAAC,CAAC,CAAC,IAAI,CAAC,GAAG,CAAC,CAAC;YACjF,IAAI,CAAC,WAAW,CAAC,GAAG,CAAC,QAAQ,CAAC,EAAE;gBAC/B,WAAW,CAAC,GAAG,CAAC,QAAQ,EAAE,EAAE,CAAC,CAAC;aAC9B;YACD,WAAW,CAAC,GAAG,CAAC,QAAQ,CAAE,CAAC,IAAI,CAAC,IAAI,CAAC,CAAC;QACvC,CAAC,CAAC,CAAC;QAEH,OAAO,WAAW,CAAC;IACpB,CAAC;IAEO,iBAAiB,CAAC,WAAgC,EAAE,UAAiB,EAAE,SAAmB;QACjG,MAAM,OAAO,GAAoB,EAAE,CAAC;QAEpC,WAAW,CAAC,OAAO,CAAC,CAAC,KAAK,EAAE,EAAE;YAC7B,MAAM,MAAM,GAAQ,EAAE,CAAC;YAEvB,SAAS,CAAC,OAAO,CAAC,CAAC,GAAG,EAAE,EAAE;gBACzB,MAAM,CAAC,GAAG,CAAC,GAAG,IAAI,CAAC,aAAa,CAAC,KAAK,CAAC,CAAC,CAAC,EAAE,GAAG,CAAC,CAAC;YACjD,CAAC,CAAC,CAAC;YAEH,KAAK,MAAM,IAAI,IAAI,UAAU,EAAE;gBAC9B,MAAM,QAAQ,GAAG,MAAM,CAAC,IAAI,CAAC,IAAI,CAAC,CAAC,CAAC,CAAC,CAAC;gBACtC,MAAM,UAAU,GAAG,IAAI,CAAC,QAAQ,CAAC,CAAC;gBAClC,MAAM,gBAAgB,GAAG,MAAM,CAAC,MAAM,CAAC,UAAU,CAAC,CAAC,CAAC,CAAW,CAAC;gBAChE,MAAM,eAAe,GAAG,MAAM,CAAC,IAAI,CAAC,UAAU,CAAC,CAAC,CAAC,CAAW,CAAC;gBAE7D,MAAM,CAAC,QAAQ,CAAC,GAAG,IAAI,CAAC,kBAAkB,CAAC,eAAe,EAAE,KAAK,EAAE,gBAAgB,CAAC,CAAC;aACrF;YAED,OAAO,CAAC,IAAI,CAAC,MAAM,CAAC,CAAC;QACtB,CAAC,CAAC,CAAC;QAEH,OAAO,OAAO,CAAC;IAChB,CAAC;IAEO,kBAAkB,CAAC,IAAY,EAAE,KAAa,EAAE,KAAa;QAEpE,MAAM,SAAS,GAAG,KAAK,CAAC,KAAK,CAAC,CAAC,IAAI,EAAE,EAAE,CAAC,OAAO,IAAI,CAAC,aAAa,CAAC,IAAI,EAAE,KAAK,CAAC,KAAK,QAAQ,CAAC,CAAC;QAE7F,QAAQ,IAAI,EAAE;YACb,KAAK,KAAK;gBACT,OAAO,IAAI,CAAC,GAAG,CAAC,GAAG,KAAK,CAAC,GAAG,CAAC,CAAC,IAAI,EAAE,EAAE,CAAC,IAAI,CAAC,aAAa,CAAC,IAAI,EAAE,KAAK,CAAW,CAAC,CAAC,CAAC;YACpF,KAAK,KAAK;gBACT,OAAO,IAAI,CAAC,GAAG,CAAC,GAAG,KAAK,CAAC,GAAG,CAAC,CAAC,IAAI,EAAE,EAAE,CAAC,IAAI,CAAC,aAAa,CAAC,IAAI,EAAE,KAAK,CAAW,CAAC,CAAC,CAAC;YACpF,KAAK,KAAK,CAAC,CAAC;gBACX,IAAI,CAAC,SAAS,EAAE;oBACf,MAAM,IAAI,6BAAY,CAAC,0CAA0C,CAAC,CAAC;iBACnE;gBACD,MAAM,KAAK,GAAG,KAAK,CAAC,MAAM,CACzB,CAAC,GAAG,EAAE,IAAI,EAAE,EAAE,CAAC,GAAG,CAAC,GAAG,CAAC,IAAI,oBAAO,CAAC,IAAI,CAAC,aAAa,CAAC,IAAI,EAAE,KAAK,CAAW,CAAC,CAAC,EAC9E,IAAI,oBAAO,CAAC,CAAC,CAAC,CACd,CAAC;gBACF,MAAM,GAAG,GAAG,KAAK,CAAC,QAAQ,EAAE,GAAG,KAAK,CAAC,MAAM,CAAC;gBAC5C,OAAO,MAAM,CAAC,GAAG,CAAC,OAAO,CAAC,iBAAiB,CAAC,CAAC,CAAC;aAC9C;YACD,KAAK,KAAK;gBACT,IAAI,CAAC,SAAS,EAAE;oBACf,MAAM,IAAI,6BAAY,CAAC,0CAA0C,CAAC,CAAC;iBACnE;gBACD,OAAO,UAAU,CAChB,KAAK,CAAC,MAAM,CAAC,CAAC,GAAG,EAAE,IAAI,EAAE,EAAE,CAAC,GAAG,GAAI,IAAI,CAAC,aAAa,CAAC,IAAI,EAAE,KAAK,CAAY,EAAE,CAAC,CAAC,CAAC,OAAO,CAAC,iBAAiB,CAAC,CAC5G,CAAC;YACH,KAAK,OAAO;gBACX,OAAO,IAAI,GAAG,CAAC,KAAK,CAAC,GAAG,CAAC,CAAC,IAAI,EAAE,EAAE,CAAC,IAAI,CAAC,aAAa,CAAC,IAAI,EAAE,KAAK,CAAC,CAAC,CAAC,CAAC,IAAI,CAAC;YAC3E;gBACC,MAAM,IAAI,6BAAY,CAAC,0BAA0B,CAAC,CAAC;SACpD;IACF,CAAC;IAEO,YAAY,CAAC,IAA8B,EAAE,OAAY;QAChE,IAAI,CAAC,OAAO,CAAC,OAAO,IAAI,CAAC,KAAK,CAAC,OAAO,CAAC,OAAO,CAAC,OAAO,CAAC,EAAE;YACxD,MAAM,IAAI,6BAAY,CAAC,qCAAqC,CAAC,CAAC;SAC9D;QAED,MAAM,OAAO,GAAG,OAAO,CAAC,OAAO,CAAC;QAChC,IAAI,MAAM,GAAG,IAAI,CAAC,GAAG,CAAC,CAAC,IAAI,EAAE,EAAE;YAC9B,MAAM,GAAG,GAAQ,EAAE,CAAC;YACpB,KAAK,MAAM,GAAG,IAAI,OAAO,EAAE;gBAC1B,GAAG,CAAC,GAAG,CAAC,GAAG,IAAI,CAAC,aAAa,CAAC,IAAI,EAAE,GAAG,CAAC,CAAC;aACzC;YACD,OAAO,GAAG,CAAC;QACZ,CAAC,CAAC,CAAC;QAEH,IAAI,OAAO,CAAC,KAAK,EAAE;YAClB,MAAM,GAAG,IAAI,CAAC,aAAa,CAAC,MAAM,EAAE,OAAO,CAAC,KAAK,CAAC,CAAC;SACnD;QAED,OAAO,MAAM,CAAC;IACf,CAAC;IAEO,aAAa,CAAC,IAAqB,EAAE,KAAU;QACtD,IAAI,OAAO,KAAK,KAAK,QAAQ,EAAE;YAC9B,MAAM,GAAG,GAAG,KAAK,CAAC;YAClB,OAAO,IAAI,CAAC,IAAI,CAAC,CAAC,CAAC,EAAE,CAAC,EAAE,EAAE,CAAC,CAAC,CAAC,CAAC,GAAG,CAAC,GAAG,CAAC,CAAC,GAAG,CAAC,CAAC,CAAC,CAAC,CAAC,CAAC,CAAC,CAAC,CAAC,CAAC,GAAG,CAAC,GAAG,CAAC,CAAC,GAAG,CAAC,CAAC,CAAC,CAAC,CAAC,CAAC,CAAC,CAAC,CAAC,CAAC,CAAC,CAAC,CAAC;SAC7E;aAAM,IAAI,OAAO,KAAK,KAAK,QAAQ,IAAI,KAAK,CAAC,IAAI,IAAI,KAAK,CAAC,OAAO,CAAC,KAAK,CAAC,IAAI,CAAC,EAAE;YAChF,MAAM,IAAI,GAAG,KAAK,CAAC,IAAI,CAAC;YACxB,MAAM,GAAG,GAAG,KAAK,CAAC,GAAG,KAAK,MAAM,CAAC,CAAC,CAAC,CAAC,CAAC,CAAC,CAAC,CAAC,CAAC,CAAC;YAE1C,OAAO,IAAI,CAAC,IAAI,CAAC,CAAC,CAAC,EAAE,CAAC,EAAE,EAAE;gBACzB,KAAK,MAAM,GAAG,IAAI,IAAI,EAAE;oBACvB,IAAI,CAAC,CAAC,GAAG,CAAC,GAAG,CAAC,CAAC,GAAG,CAAC,EAAE;wBACpB,OAAO,GAAG,CAAC;qBACX;oBACD,IAAI,CAAC,CAAC,GAAG,CAAC,GAAG,CAAC,CAAC,GAAG,CAAC,EAAE;wBACpB,OAAO,CAAC,GAAG,CAAC;qBACZ;iBACD;gBACD,OAAO,CAAC,CAAC;YACV,CAAC,CAAC,CAAC;SACH;aAAM;YACN,MAAM,IAAI,6BAAY,CAAC,uBAAuB,CAAC,CAAC;SAChD;IACF,CAAC;CACD;AAnTD,kCAmTC","sourcesContent":["import { InsightError, InsightResult } from \"./IInsightFacade\";\nimport DatasetManager from \"./DatasetManager\";\nimport Room from \"./Room\";\nimport Decimal from \"decimal.js\";\n\ntype DatasetEntry = Room;\n\nconst DECIMAL_PRECISION = 2;\n\nexport default class RoomQueryRunner {\n\tprivate datasetMap: Map<string, DatasetEntry[]>;\n\tprivate datasetId!: string;\n\n\tconstructor(datasetManager: DatasetManager) {\n\t\tthis.datasetMap = datasetManager.getDatasets() as Map<string, Room[]>;\n\t}\n\n\t// Execute the query and return the results\n\tpublic async execute(query: any): Promise<InsightResult[]> {\n\t\tthis.datasetId = this.extractDatasetId(query);\n\n\t\tif (!this.datasetMap.has(this.datasetId)) {\n\t\t\tthrow new InsightError(`Dataset with id \"${this.datasetId}\" does not exist.`);\n\t\t}\n\n\t\tconst dataset = this.datasetMap.get(this.datasetId) as Room[];\n\t\tconst filteredData = this.applyFilters(dataset, query.WHERE);\n\n\t\tconst transformedData: InsightResult[] = query.TRANSFORMATIONS\n\t\t\t? this.applyTransformations(filteredData, query.TRANSFORMATIONS)\n\t\t\t: (filteredData as unknown as InsightResult[]);\n\n\t\treturn this.applyOptions(transformedData, query.OPTIONS);\n\t}\n\n\tprivate extractDatasetId(query: any): string {\n\t\tfor (const col of query.OPTIONS.COLUMNS) {\n\t\t\tif (col.includes(\"_\")) {\n\t\t\t\treturn col.split(\"_\")[0];\n\t\t\t}\n\t\t}\n\t\tthrow new InsightError(\"Could not extract dataset ID from COLUMNS.\");\n\t}\n\n\tprivate applyFilters(data: Room[], where: any): Room[] {\n\t\tif (Object.keys(where).length === 0) {\n\t\t\treturn data;\n\t\t}\n\t\tconst filterFunction = this.createFilterFunction(where);\n\t\treturn data.filter(filterFunction);\n\t}\n\n\tprivate createFilterFunction(where: any): (item: Room) => boolean {\n\t\tif (where.AND) {\n\t\t\treturn this.handleAnd(where.AND);\n\t\t}\n\t\tif (where.OR) {\n\t\t\treturn this.handleOr(where.OR);\n\t\t}\n\t\tif (where.NOT) {\n\t\t\treturn this.handleNot(where.NOT);\n\t\t}\n\t\tif (where.GT || where.LT || where.EQ) {\n\t\t\treturn this.handleComparison(where);\n\t\t}\n\t\tif (where.IS) {\n\t\t\treturn this.handleIs(where.IS);\n\t\t}\n\t\tthrow new InsightError(\"Invalid WHERE condition.\");\n\t}\n\n\tprivate handleAnd(andConditions: any[]): (item: Room) => boolean {\n\t\tconst subFilters = andConditions.map((condition) => this.createFilterFunction(condition));\n\t\treturn (item: Room) => subFilters.every((filterFunc) => filterFunc(item));\n\t}\n\n\tprivate handleOr(orConditions: any[]): (item: Room) => boolean {\n\t\tconst subFilters = orConditions.map((condition) => this.createFilterFunction(condition));\n\t\treturn (item: Room) => subFilters.some((filterFunc) => filterFunc(item));\n\t}\n\n\tprivate handleNot(notCondition: any): (item: Room) => boolean {\n\t\tconst subFilter = this.createFilterFunction(notCondition);\n\t\treturn (item: Room) => !subFilter(item);\n\t}\n\n\tprivate handleComparison(where: any): (item: Room) => boolean {\n\t\tconst operator = where.GT ? \"GT\" : where.LT ? \"LT\" : \"EQ\";\n\t\tconst comparison = where[operator];\n\t\tconst key = Object.keys(comparison)[0];\n\t\tconst value = comparison[key];\n\n\t\tconst id = key.split(\"_\")[0];\n\t\tif (id !== this.datasetId) {\n\t\t\tthrow new InsightError(`Key does not match dataset ID: ${key}`);\n\t\t}\n\n\t\treturn (item: Room) => {\n\t\t\tconst itemValue = this.getValueByKey(item, key);\n\n\t\t\tif (typeof itemValue !== \"number\" || typeof value !== \"number\") {\n\t\t\t\tthrow new InsightError(\"Comparison requires numeric values.\");\n\t\t\t}\n\n\t\t\tif (operator === \"GT\") {\n\t\t\t\treturn itemValue > value;\n\t\t\t}\n\t\t\tif (operator === \"LT\") {\n\t\t\t\treturn itemValue < value;\n\t\t\t}\n\t\t\treturn itemValue === value;\n\t\t};\n\t}\n\n\tprivate handleIs(isCondition: any): (item: Room) => boolean {\n\t\tconst key = Object.keys(isCondition)[0];\n\t\tconst value = isCondition[key];\n\n\t\tconst id = key.split(\"_\")[0];\n\t\tif (id !== this.datasetId) {\n\t\t\tthrow new InsightError(`Key does not match dataset ID: ${key}`);\n\t\t}\n\n\t\tif (typeof value !== \"string\") {\n\t\t\tthrow new InsightError(\"IS operator requires a string value.\");\n\t\t}\n\n\t\tif (this.hasInvalidWildcardPattern(value)) {\n\t\t\tthrow new InsightError(\"Invalid wildcard pattern in IS operator.\");\n\t\t}\n\n\t\tconst regexPattern = this.buildRegexPattern(value);\n\t\tconst regex = new RegExp(regexPattern);\n\n\t\treturn (item: Room) => {\n\t\t\tconst itemValue = this.getValueByKey(item, key);\n\n\t\t\tif (typeof itemValue !== \"string\") {\n\t\t\t\tthrow new InsightError(\"IS operator requires string fields.\");\n\t\t\t}\n\n\t\t\treturn regex.test(itemValue);\n\t\t};\n\t}\n\n\tprivate hasInvalidWildcardPattern(value: string): boolean {\n\t\tconst firstIndex = value.indexOf(\"*\");\n\t\tconst lastIndex = value.lastIndexOf(\"*\");\n\t\treturn firstIndex !== 0 && lastIndex !== value.length - 1;\n\t}\n\n\tprivate buildRegexPattern(value: string): string {\n\t\tconst specialChars = /[.+?^${}()|[\\]\\\\]/g;\n\t\tconst escapedValue = value.replace(specialChars, \"\\\\$&\");\n\t\treturn `^${escapedValue.replace(/\\*/g, \".*\")}$`;\n\t}\n\n\tprivate getValueByKey(item: Room | InsightResult, key: string): any {\n\t\tif (!(item instanceof Room)) {\n\t\t\treturn item[key];\n\t\t}\n\n\t\tconst [id, field] = key.split(\"_\");\n\t\tif (id !== this.datasetId) {\n\t\t\tthrow new InsightError(`Key does not match dataset ID: ${key}`);\n\t\t}\n\n\t\tswitch (field) {\n\t\t\tcase \"fullname\":\n\t\t\t\treturn String(item.getFullname());\n\t\t\tcase \"shortname\":\n\t\t\t\treturn String(item.getShortname());\n\t\t\tcase \"number\":\n\t\t\t\treturn String(item.getNumber());\n\t\t\tcase \"name\":\n\t\t\t\treturn String(item.getName());\n\t\t\tcase \"address\":\n\t\t\t\treturn String(item.getAddress());\n\t\t\tcase \"type\":\n\t\t\t\treturn String(item.getType());\n\t\t\tcase \"furniture\":\n\t\t\t\treturn String(item.getFurniture());\n\t\t\tcase \"seats\":\n\t\t\t\treturn item.getSeats();\n\t\t\tcase \"lat\":\n\t\t\t\treturn item.getLat();\n\t\t\tcase \"lon\":\n\t\t\t\treturn item.getLon();\n\t\t\tdefault:\n\t\t\t\tthrow new InsightError(`Invalid column: ${key}`);\n\t\t}\n\t}\n\n\tprivate applyTransformations(data: Room[], transformations: any): InsightResult[] {\n\t\tconst groupKeys = transformations.GROUP;\n\t\tconst groupedData = this.groupBy(data, groupKeys);\n\t\treturn this.applyAggregations(groupedData, transformations.APPLY, groupKeys);\n\t}\n\n\tprivate groupBy(data: Room[], groupKeys: string[]): Map<string, Room[]> {\n\t\tconst groupedData = new Map<string, Room[]>();\n\n\t\tdata.forEach((item) => {\n\t\t\tconst groupKey = groupKeys.map((key) => this.getValueByKey(item, key)).join(\"_\");\n\t\t\tif (!groupedData.has(groupKey)) {\n\t\t\t\tgroupedData.set(groupKey, []);\n\t\t\t}\n\t\t\tgroupedData.get(groupKey)!.push(item);\n\t\t});\n\n\t\treturn groupedData;\n\t}\n\n\tprivate applyAggregations(groupedData: Map<string, Room[]>, applyRules: any[], groupKeys: string[]): InsightResult[] {\n\t\tconst results: InsightResult[] = [];\n\n\t\tgroupedData.forEach((group) => {\n\t\t\tconst result: any = {};\n\n\t\t\tgroupKeys.forEach((key) => {\n\t\t\t\tresult[key] = this.getValueByKey(group[0], key);\n\t\t\t});\n\n\t\t\tfor (const rule of applyRules) {\n\t\t\t\tconst applyKey = Object.keys(rule)[0];\n\t\t\t\tconst applyToken = rule[applyKey];\n\t\t\t\tconst aggregationField = Object.values(applyToken)[0] as string;\n\t\t\t\tconst aggregationType = Object.keys(applyToken)[0] as string;\n\n\t\t\t\tresult[applyKey] = this.performAggregation(aggregationType, group, aggregationField);\n\t\t\t}\n\n\t\t\tresults.push(result);\n\t\t});\n\n\t\treturn results;\n\t}\n\n\tprivate performAggregation(type: string, group: Room[], field: string): number {\n\t\t// Check if the field is numeric for AVG and SUM operations\n\t\tconst isNumeric = group.every((item) => typeof this.getValueByKey(item, field) === \"number\");\n\n\t\tswitch (type) {\n\t\t\tcase \"MAX\":\n\t\t\t\treturn Math.max(...group.map((item) => this.getValueByKey(item, field) as number));\n\t\t\tcase \"MIN\":\n\t\t\t\treturn Math.min(...group.map((item) => this.getValueByKey(item, field) as number));\n\t\t\tcase \"AVG\": {\n\t\t\t\tif (!isNumeric) {\n\t\t\t\t\tthrow new InsightError(\"AVG aggregation requires a numeric field\");\n\t\t\t\t}\n\t\t\t\tconst total = group.reduce(\n\t\t\t\t\t(acc, item) => acc.add(new Decimal(this.getValueByKey(item, field) as number)),\n\t\t\t\t\tnew Decimal(0)\n\t\t\t\t);\n\t\t\t\tconst avg = total.toNumber() / group.length;\n\t\t\t\treturn Number(avg.toFixed(DECIMAL_PRECISION));\n\t\t\t}\n\t\t\tcase \"SUM\":\n\t\t\t\tif (!isNumeric) {\n\t\t\t\t\tthrow new InsightError(\"SUM aggregation requires a numeric field\");\n\t\t\t\t}\n\t\t\t\treturn parseFloat(\n\t\t\t\t\tgroup.reduce((acc, item) => acc + (this.getValueByKey(item, field) as number), 0).toFixed(DECIMAL_PRECISION)\n\t\t\t\t);\n\t\t\tcase \"COUNT\":\n\t\t\t\treturn new Set(group.map((item) => this.getValueByKey(item, field))).size;\n\t\t\tdefault:\n\t\t\t\tthrow new InsightError(\"Invalid aggregation type\");\n\t\t}\n\t}\n\n\tprivate applyOptions(data: Room[] | InsightResult[], options: any): InsightResult[] {\n\t\tif (!options.COLUMNS || !Array.isArray(options.COLUMNS)) {\n\t\t\tthrow new InsightError(\"OPTIONS must contain COLUMNS array.\");\n\t\t}\n\n\t\tconst columns = options.COLUMNS;\n\t\tlet result = data.map((item) => {\n\t\t\tconst res: any = {};\n\t\t\tfor (const col of columns) {\n\t\t\t\tres[col] = this.getValueByKey(item, col);\n\t\t\t}\n\t\t\treturn res;\n\t\t});\n\n\t\tif (options.ORDER) {\n\t\t\tresult = this.applyOrdering(result, options.ORDER);\n\t\t}\n\n\t\treturn result;\n\t}\n\n\tprivate applyOrdering(data: InsightResult[], order: any): InsightResult[] {\n\t\tif (typeof order === \"string\") {\n\t\t\tconst key = order;\n\t\t\treturn data.sort((a, b) => (a[key] > b[key] ? 1 : a[key] < b[key] ? -1 : 0));\n\t\t} else if (typeof order === \"object\" && order.keys && Array.isArray(order.keys)) {\n\t\t\tconst keys = order.keys;\n\t\t\tconst dir = order.dir === \"DOWN\" ? -1 : 1;\n\n\t\t\treturn data.sort((a, b) => {\n\t\t\t\tfor (const key of keys) {\n\t\t\t\t\tif (a[key] > b[key]) {\n\t\t\t\t\t\treturn dir;\n\t\t\t\t\t}\n\t\t\t\t\tif (a[key] < b[key]) {\n\t\t\t\t\t\treturn -dir;\n\t\t\t\t\t}\n\t\t\t\t}\n\t\t\t\treturn 0;\n\t\t\t});\n\t\t} else {\n\t\t\tthrow new InsightError(\"Invalid ORDER format.\");\n\t\t}\n\t}\n}\n"]},"_coverageSchema":"1a1c01bbd47fc00a2c39e90264f33305004495a9","hash":"7b28cf2bbbdfa1f200891814573ea959f10e4c4a","contentHash":"8de1242977573da589f658a7e2da88e9c6d78066ed463958d4067ae6a60e17b9"}}